[localhost] One or more errors or exceptions occured at 2010-11-21 17:36:51

Warning
-------
{doc_root}\projects\logintracker3\javascript.php(33): preg_replace('\n|\r', '', '/*!
 * jQuery J...')
[internal function]
preg_replace(): Delimiter must not be alphanumeric or backslash

Warning
-------
{doc_root}\projects\logintracker3\javascript.php(33): preg_replace('\n|\r', '', '$(function($) {...')
[internal function]
preg_replace(): Delimiter must not be alphanumeric or backslash

Warning
-------
{doc_root}\projects\logintracker3\javascript.php(33): preg_replace('\n|\r', '', '// name: sammy
...')
[internal function]
preg_replace(): Delimiter must not be alphanumeric or backslash

Warning
-------
{doc_root}\projects\logintracker3\javascript.php(33): preg_replace('\n|\r', '', '(function($) {...')
[internal function]
preg_replace(): Delimiter must not be alphanumeric or backslash

Warning
-------
{doc_root}\projects\logintracker3\javascript.php(33): preg_replace('\n|\r', '', '(function($) {...')
[internal function]
preg_replace(): Delimiter must not be alphanumeric or backslash

Context
-------

$_SERVER: Array
(
    [MIBDIRS] => C:/xampplite/php/extras/mibs
    [MYSQL_HOME] => C:\xampplite\mysql\bin
    [OPENSSL_CONF] => C:/xampplite/apache/bin/openssl.cnf
    [PHP_PEAR_SYSCONF_DIR] => C:\xampplite\php
    [PHPRC] => C:\xampplite\php
    [TMP] => C:\xampplite\tmp
    [HTTP_HOST] => localhost
    [HTTP_CONNECTION] => keep-alive
    [HTTP_REFERER] => http://localhost/projects/logintracker3/
    [HTTP_CACHE_CONTROL] => max-age=0
    [HTTP_ACCEPT] => application/xml,application/xhtml+xml,text/html;q=0.9,text/plain;q=0.8,image/png,*/*;q=0.5
    [HTTP_USER_AGENT] => Mozilla/5.0 (Windows; U; Windows NT 6.1; en-US) AppleWebKit/534.7 (KHTML, like Gecko) Chrome/7.0.517.44 Safari/534.7
    [HTTP_ACCEPT_ENCODING] => gzip,deflate,sdch
    [HTTP_ACCEPT_LANGUAGE] => en-GB,en-US;q=0.8,en;q=0.6
    [HTTP_ACCEPT_CHARSET] => ISO-8859-1,utf-8;q=0.7,*;q=0.3
    [HTTP_COOKIE] => exp_last_visit=1273421110; exp_last_activity=1273439565; ys-modx-tree-menu=a%3As%253A/n_%5Es%253A/n_/n_site%5Es%253A/n_/n_components; ys-modx-tree-action=a%3As%253A/n_root_0%5Es%253A/n_root_0/n_namespace_core; ys-modx-package-browser-tree=a%3As%253A/modx-package-browser-tree-root%5Es%253A/modx-package-browser-tree-root/n_repository_11%5Es%253A/modx-package-browser-tree-root/n_repository_10; ys-modx-leftbar-state=o%3AactiveTab%3Dn%253A1; ys-modx-resource-tree=a%3As%253A/root%5Es%253A/root/web_0%5Es%253A/root/web_0/web_9%5Es%253A/root/web_0/web_1%5Es%253A/root/web_0/web_2%5Es%253A/root/web_0/web_3%5Es%253A/root/web_0/web_4%5Es%253A/root/web_0/web_5%5Es%253A/root/web_0/web_6%5Es%253A/root/web_0/web_7%5Es%253A/root/web_0/web_8; ys-modx-file-tree=s%3A/Files; ys-modx-element-tree=a%3As%253A/root%5Es%253A/root/n_category%5Es%253A/root/n_type_template; crbsb.date=2010-09-07; cal_year=2010; cal_month=10; PHPSESSID=s2kann7fa1bjlsrdpqa44vbni6
    [PATH] => C:\Program Files\Common Files\Microsoft Shared\Windows Live;C:\Windows\system32;C:\Windows;C:\Windows\System32\Wbem;C:\Windows\System32\WindowsPowerShell\v1.0\;C:\Program Files\WinSCP\;C:\Program Files\TortoiseHg\;C:\Program Files\TortoiseGit\bin;C:\Program Files\Windows Live\Shared;C:\Program Files\QT Lite\QTSystem;
    [SystemRoot] => C:\Windows
    [COMSPEC] => C:\Windows\system32\cmd.exe
    [PATHEXT] => .COM;.EXE;.BAT;.CMD;.VBS;.VBE;.JS;.JSE;.WSF;.WSH;.MSC
    [WINDIR] => C:\Windows
    [SERVER_SIGNATURE] => <address>Apache/2.2.14 (Win32) DAV/2 mod_autoindex_color PHP/5.3.1 Server at localhost Port 80</address>
  
    [SERVER_SOFTWARE] => Apache/2.2.14 (Win32) DAV/2 mod_autoindex_color PHP/5.3.1
    [SERVER_NAME] => localhost
    [SERVER_ADDR] => 127.0.0.1
    [SERVER_PORT] => 80
    [REMOTE_ADDR] => 127.0.0.1
    [DOCUMENT_ROOT] => C:/xampplite/htdocs
    [SERVER_ADMIN] => postmaster@localhost
    [SCRIPT_FILENAME] => C:/xampplite/htdocs/projects/logintracker3/javascript.php
    [REMOTE_PORT] => 56567
    [GATEWAY_INTERFACE] => CGI/1.1
    [SERVER_PROTOCOL] => HTTP/1.1
    [REQUEST_METHOD] => GET
    [QUERY_STRING] => {empty_string}
    [REQUEST_URI] => /projects/logintracker3/javascript.php
    [SCRIPT_NAME] => /projects/logintracker3/javascript.php
    [PHP_SELF] => /projects/logintracker3/javascript.php
    [REQUEST_TIME] => 1290361010
    [argv] => Array
        (
        )
  
    [argc] => 0
)

$_POST: Array
(
)

$_GET: Array
(
)

$_FILES: Array
(
)

$_SESSION: {null}

$_COOKIE: Array
(
    [exp_last_visit] => 1273421110
    [exp_last_activity] => 1273439565
    [ys-modx-tree-menu] => a:s%3A/n_^s%3A/n_/n_site^s%3A/n_/n_components
    [ys-modx-tree-action] => a:s%3A/n_root_0^s%3A/n_root_0/n_namespace_core
    [ys-modx-package-browser-tree] => a:s%3A/modx-package-browser-tree-root^s%3A/modx-package-browser-tree-root/n_repository_11^s%3A/modx-package-browser-tree-root/n_repository_10
    [ys-modx-leftbar-state] => o:activeTab=n%3A1
    [ys-modx-resource-tree] => a:s%3A/root^s%3A/root/web_0^s%3A/root/web_0/web_9^s%3A/root/web_0/web_1^s%3A/root/web_0/web_2^s%3A/root/web_0/web_3^s%3A/root/web_0/web_4^s%3A/root/web_0/web_5^s%3A/root/web_0/web_6^s%3A/root/web_0/web_7^s%3A/root/web_0/web_8
    [ys-modx-file-tree] => s:/Files
    [ys-modx-element-tree] => a:s%3A/root^s%3A/root/n_category^s%3A/root/n_type_template
    [crbsb_date] => 2010-09-07
    [cal_year] => 2010
    [cal_month] => 10
    [PHPSESSID] => s2kann7fa1bjlsrdpqa44vbni6
)

[localhost] One or more errors or exceptions occured at 2010-11-21 17:37:00

Warning
-------
{doc_root}\projects\logintracker3\javascript.php(32): preg_replace('\n|\r', '', '/*!
 * jQuery J...')
[internal function]
preg_replace(): Delimiter must not be alphanumeric or backslash

Warning
-------
{doc_root}\projects\logintracker3\javascript.php(32): preg_replace('\n|\r', '', '$(function($) {...')
[internal function]
preg_replace(): Delimiter must not be alphanumeric or backslash

Warning
-------
{doc_root}\projects\logintracker3\javascript.php(32): preg_replace('\n|\r', '', '// name: sammy
...')
[internal function]
preg_replace(): Delimiter must not be alphanumeric or backslash

Warning
-------
{doc_root}\projects\logintracker3\javascript.php(32): preg_replace('\n|\r', '', '(function($) {...')
[internal function]
preg_replace(): Delimiter must not be alphanumeric or backslash

Warning
-------
{doc_root}\projects\logintracker3\javascript.php(32): preg_replace('\n|\r', '', '(function($) {...')
[internal function]
preg_replace(): Delimiter must not be alphanumeric or backslash

Context
-------

$_SERVER: Array
(
    [MIBDIRS] => C:/xampplite/php/extras/mibs
    [MYSQL_HOME] => C:\xampplite\mysql\bin
    [OPENSSL_CONF] => C:/xampplite/apache/bin/openssl.cnf
    [PHP_PEAR_SYSCONF_DIR] => C:\xampplite\php
    [PHPRC] => C:\xampplite\php
    [TMP] => C:\xampplite\tmp
    [HTTP_HOST] => localhost
    [HTTP_CONNECTION] => keep-alive
    [HTTP_REFERER] => http://localhost/projects/logintracker3/
    [HTTP_CACHE_CONTROL] => max-age=0
    [HTTP_ACCEPT] => application/xml,application/xhtml+xml,text/html;q=0.9,text/plain;q=0.8,image/png,*/*;q=0.5
    [HTTP_USER_AGENT] => Mozilla/5.0 (Windows; U; Windows NT 6.1; en-US) AppleWebKit/534.7 (KHTML, like Gecko) Chrome/7.0.517.44 Safari/534.7
    [HTTP_ACCEPT_ENCODING] => gzip,deflate,sdch
    [HTTP_ACCEPT_LANGUAGE] => en-GB,en-US;q=0.8,en;q=0.6
    [HTTP_ACCEPT_CHARSET] => ISO-8859-1,utf-8;q=0.7,*;q=0.3
    [HTTP_COOKIE] => exp_last_visit=1273421110; exp_last_activity=1273439565; ys-modx-tree-menu=a%3As%253A/n_%5Es%253A/n_/n_site%5Es%253A/n_/n_components; ys-modx-tree-action=a%3As%253A/n_root_0%5Es%253A/n_root_0/n_namespace_core; ys-modx-package-browser-tree=a%3As%253A/modx-package-browser-tree-root%5Es%253A/modx-package-browser-tree-root/n_repository_11%5Es%253A/modx-package-browser-tree-root/n_repository_10; ys-modx-leftbar-state=o%3AactiveTab%3Dn%253A1; ys-modx-resource-tree=a%3As%253A/root%5Es%253A/root/web_0%5Es%253A/root/web_0/web_9%5Es%253A/root/web_0/web_1%5Es%253A/root/web_0/web_2%5Es%253A/root/web_0/web_3%5Es%253A/root/web_0/web_4%5Es%253A/root/web_0/web_5%5Es%253A/root/web_0/web_6%5Es%253A/root/web_0/web_7%5Es%253A/root/web_0/web_8; ys-modx-file-tree=s%3A/Files; ys-modx-element-tree=a%3As%253A/root%5Es%253A/root/n_category%5Es%253A/root/n_type_template; crbsb.date=2010-09-07; cal_year=2010; cal_month=10; PHPSESSID=s2kann7fa1bjlsrdpqa44vbni6
    [PATH] => C:\Program Files\Common Files\Microsoft Shared\Windows Live;C:\Windows\system32;C:\Windows;C:\Windows\System32\Wbem;C:\Windows\System32\WindowsPowerShell\v1.0\;C:\Program Files\WinSCP\;C:\Program Files\TortoiseHg\;C:\Program Files\TortoiseGit\bin;C:\Program Files\Windows Live\Shared;C:\Program Files\QT Lite\QTSystem;
    [SystemRoot] => C:\Windows
    [COMSPEC] => C:\Windows\system32\cmd.exe
    [PATHEXT] => .COM;.EXE;.BAT;.CMD;.VBS;.VBE;.JS;.JSE;.WSF;.WSH;.MSC
    [WINDIR] => C:\Windows
    [SERVER_SIGNATURE] => <address>Apache/2.2.14 (Win32) DAV/2 mod_autoindex_color PHP/5.3.1 Server at localhost Port 80</address>
  
    [SERVER_SOFTWARE] => Apache/2.2.14 (Win32) DAV/2 mod_autoindex_color PHP/5.3.1
    [SERVER_NAME] => localhost
    [SERVER_ADDR] => 127.0.0.1
    [SERVER_PORT] => 80
    [REMOTE_ADDR] => 127.0.0.1
    [DOCUMENT_ROOT] => C:/xampplite/htdocs
    [SERVER_ADMIN] => postmaster@localhost
    [SCRIPT_FILENAME] => C:/xampplite/htdocs/projects/logintracker3/javascript.php
    [REMOTE_PORT] => 56569
    [GATEWAY_INTERFACE] => CGI/1.1
    [SERVER_PROTOCOL] => HTTP/1.1
    [REQUEST_METHOD] => GET
    [QUERY_STRING] => {empty_string}
    [REQUEST_URI] => /projects/logintracker3/javascript.php
    [SCRIPT_NAME] => /projects/logintracker3/javascript.php
    [PHP_SELF] => /projects/logintracker3/javascript.php
    [REQUEST_TIME] => 1290361020
    [argv] => Array
        (
        )
  
    [argc] => 0
)

$_POST: Array
(
)

$_GET: Array
(
)

$_FILES: Array
(
)

$_SESSION: {null}

$_COOKIE: Array
(
    [exp_last_visit] => 1273421110
    [exp_last_activity] => 1273439565
    [ys-modx-tree-menu] => a:s%3A/n_^s%3A/n_/n_site^s%3A/n_/n_components
    [ys-modx-tree-action] => a:s%3A/n_root_0^s%3A/n_root_0/n_namespace_core
    [ys-modx-package-browser-tree] => a:s%3A/modx-package-browser-tree-root^s%3A/modx-package-browser-tree-root/n_repository_11^s%3A/modx-package-browser-tree-root/n_repository_10
    [ys-modx-leftbar-state] => o:activeTab=n%3A1
    [ys-modx-resource-tree] => a:s%3A/root^s%3A/root/web_0^s%3A/root/web_0/web_9^s%3A/root/web_0/web_1^s%3A/root/web_0/web_2^s%3A/root/web_0/web_3^s%3A/root/web_0/web_4^s%3A/root/web_0/web_5^s%3A/root/web_0/web_6^s%3A/root/web_0/web_7^s%3A/root/web_0/web_8
    [ys-modx-file-tree] => s:/Files
    [ys-modx-element-tree] => a:s%3A/root^s%3A/root/n_category^s%3A/root/n_type_template
    [crbsb_date] => 2010-09-07
    [cal_year] => 2010
    [cal_month] => 10
    [PHPSESSID] => s2kann7fa1bjlsrdpqa44vbni6
)

[localhost] One or more errors or exceptions occured at 2010-11-21 17:40:50

Warning
-------
{doc_root}\projects\logintracker3\javascript.php(34): preg_replace('\n|\r', '', '/*!
 * jQuery J...')
[internal function]
preg_replace(): Delimiter must not be alphanumeric or backslash

Warning
-------
{doc_root}\projects\logintracker3\javascript.php(34): preg_replace('\n|\r', '', '$(function($) {...')
[internal function]
preg_replace(): Delimiter must not be alphanumeric or backslash

Warning
-------
{doc_root}\projects\logintracker3\javascript.php(34): preg_replace('\n|\r', '', '// name: sammy
...')
[internal function]
preg_replace(): Delimiter must not be alphanumeric or backslash

Warning
-------
{doc_root}\projects\logintracker3\javascript.php(34): preg_replace('\n|\r', '', '(function($) {...')
[internal function]
preg_replace(): Delimiter must not be alphanumeric or backslash

Warning
-------
{doc_root}\projects\logintracker3\javascript.php(34): preg_replace('\n|\r', '', '(function($) {...')
[internal function]
preg_replace(): Delimiter must not be alphanumeric or backslash

Warning
-------
{doc_root}\projects\logintracker3\javascript.php(34): preg_replace('\n|\r', '', '/*
 * jqModal ...')
[internal function]
preg_replace(): Delimiter must not be alphanumeric or backslash

Warning
-------
{doc_root}\projects\logintracker3\javascript.php(34): preg_replace('\n|\r', '', '')
[internal function]
preg_replace(): Delimiter must not be alphanumeric or backslash

Context
-------

$_SERVER: Array
(
    [MIBDIRS] => C:/xampplite/php/extras/mibs
    [MYSQL_HOME] => C:\xampplite\mysql\bin
    [OPENSSL_CONF] => C:/xampplite/apache/bin/openssl.cnf
    [PHP_PEAR_SYSCONF_DIR] => C:\xampplite\php
    [PHPRC] => C:\xampplite\php
    [TMP] => C:\xampplite\tmp
    [HTTP_HOST] => localhost
    [HTTP_CONNECTION] => keep-alive
    [HTTP_REFERER] => http://localhost/projects/logintracker3/
    [HTTP_CACHE_CONTROL] => max-age=0
    [HTTP_ACCEPT] => application/xml,application/xhtml+xml,text/html;q=0.9,text/plain;q=0.8,image/png,*/*;q=0.5
    [HTTP_USER_AGENT] => Mozilla/5.0 (Windows; U; Windows NT 6.1; en-US) AppleWebKit/534.7 (KHTML, like Gecko) Chrome/7.0.517.44 Safari/534.7
    [HTTP_ACCEPT_ENCODING] => gzip,deflate,sdch
    [HTTP_ACCEPT_LANGUAGE] => en-GB,en-US;q=0.8,en;q=0.6
    [HTTP_ACCEPT_CHARSET] => ISO-8859-1,utf-8;q=0.7,*;q=0.3
    [HTTP_COOKIE] => exp_last_visit=1273421110; exp_last_activity=1273439565; ys-modx-tree-menu=a%3As%253A/n_%5Es%253A/n_/n_site%5Es%253A/n_/n_components; ys-modx-tree-action=a%3As%253A/n_root_0%5Es%253A/n_root_0/n_namespace_core; ys-modx-package-browser-tree=a%3As%253A/modx-package-browser-tree-root%5Es%253A/modx-package-browser-tree-root/n_repository_11%5Es%253A/modx-package-browser-tree-root/n_repository_10; ys-modx-leftbar-state=o%3AactiveTab%3Dn%253A1; ys-modx-resource-tree=a%3As%253A/root%5Es%253A/root/web_0%5Es%253A/root/web_0/web_9%5Es%253A/root/web_0/web_1%5Es%253A/root/web_0/web_2%5Es%253A/root/web_0/web_3%5Es%253A/root/web_0/web_4%5Es%253A/root/web_0/web_5%5Es%253A/root/web_0/web_6%5Es%253A/root/web_0/web_7%5Es%253A/root/web_0/web_8; ys-modx-file-tree=s%3A/Files; ys-modx-element-tree=a%3As%253A/root%5Es%253A/root/n_category%5Es%253A/root/n_type_template; crbsb.date=2010-09-07; cal_year=2010; cal_month=10; PHPSESSID=s2kann7fa1bjlsrdpqa44vbni6
    [PATH] => C:\Program Files\Common Files\Microsoft Shared\Windows Live;C:\Windows\system32;C:\Windows;C:\Windows\System32\Wbem;C:\Windows\System32\WindowsPowerShell\v1.0\;C:\Program Files\WinSCP\;C:\Program Files\TortoiseHg\;C:\Program Files\TortoiseGit\bin;C:\Program Files\Windows Live\Shared;C:\Program Files\QT Lite\QTSystem;
    [SystemRoot] => C:\Windows
    [COMSPEC] => C:\Windows\system32\cmd.exe
    [PATHEXT] => .COM;.EXE;.BAT;.CMD;.VBS;.VBE;.JS;.JSE;.WSF;.WSH;.MSC
    [WINDIR] => C:\Windows
    [SERVER_SIGNATURE] => <address>Apache/2.2.14 (Win32) DAV/2 mod_autoindex_color PHP/5.3.1 Server at localhost Port 80</address>
  
    [SERVER_SOFTWARE] => Apache/2.2.14 (Win32) DAV/2 mod_autoindex_color PHP/5.3.1
    [SERVER_NAME] => localhost
    [SERVER_ADDR] => 127.0.0.1
    [SERVER_PORT] => 80
    [REMOTE_ADDR] => 127.0.0.1
    [DOCUMENT_ROOT] => C:/xampplite/htdocs
    [SERVER_ADMIN] => postmaster@localhost
    [SCRIPT_FILENAME] => C:/xampplite/htdocs/projects/logintracker3/javascript.php
    [REMOTE_PORT] => 56594
    [GATEWAY_INTERFACE] => CGI/1.1
    [SERVER_PROTOCOL] => HTTP/1.1
    [REQUEST_METHOD] => GET
    [QUERY_STRING] => {empty_string}
    [REQUEST_URI] => /projects/logintracker3/javascript.php
    [SCRIPT_NAME] => /projects/logintracker3/javascript.php
    [PHP_SELF] => /projects/logintracker3/javascript.php
    [REQUEST_TIME] => 1290361250
    [argv] => Array
        (
        )
  
    [argc] => 0
)

$_POST: Array
(
)

$_GET: Array
(
)

$_FILES: Array
(
)

$_SESSION: {null}

$_COOKIE: Array
(
    [exp_last_visit] => 1273421110
    [exp_last_activity] => 1273439565
    [ys-modx-tree-menu] => a:s%3A/n_^s%3A/n_/n_site^s%3A/n_/n_components
    [ys-modx-tree-action] => a:s%3A/n_root_0^s%3A/n_root_0/n_namespace_core
    [ys-modx-package-browser-tree] => a:s%3A/modx-package-browser-tree-root^s%3A/modx-package-browser-tree-root/n_repository_11^s%3A/modx-package-browser-tree-root/n_repository_10
    [ys-modx-leftbar-state] => o:activeTab=n%3A1
    [ys-modx-resource-tree] => a:s%3A/root^s%3A/root/web_0^s%3A/root/web_0/web_9^s%3A/root/web_0/web_1^s%3A/root/web_0/web_2^s%3A/root/web_0/web_3^s%3A/root/web_0/web_4^s%3A/root/web_0/web_5^s%3A/root/web_0/web_6^s%3A/root/web_0/web_7^s%3A/root/web_0/web_8
    [ys-modx-file-tree] => s:/Files
    [ys-modx-element-tree] => a:s%3A/root^s%3A/root/n_category^s%3A/root/n_type_template
    [crbsb_date] => 2010-09-07
    [cal_year] => 2010
    [cal_month] => 10
    [PHPSESSID] => s2kann7fa1bjlsrdpqa44vbni6
)

[localhost] One or more errors or exceptions occured at 2010-11-21 17:40:59

Warning
-------
{doc_root}\projects\logintracker3\javascript.php(34): preg_replace('\n|\r', '', '/*!
 * jQuery J...')
[internal function]
preg_replace(): Delimiter must not be alphanumeric or backslash

Warning
-------
{doc_root}\projects\logintracker3\javascript.php(34): preg_replace('\n|\r', '', '$(function($) {...')
[internal function]
preg_replace(): Delimiter must not be alphanumeric or backslash

Warning
-------
{doc_root}\projects\logintracker3\javascript.php(34): preg_replace('\n|\r', '', '// name: sammy
...')
[internal function]
preg_replace(): Delimiter must not be alphanumeric or backslash

Warning
-------
{doc_root}\projects\logintracker3\javascript.php(34): preg_replace('\n|\r', '', '(function($) {...')
[internal function]
preg_replace(): Delimiter must not be alphanumeric or backslash

Warning
-------
{doc_root}\projects\logintracker3\javascript.php(34): preg_replace('\n|\r', '', '(function($) {...')
[internal function]
preg_replace(): Delimiter must not be alphanumeric or backslash

Warning
-------
{doc_root}\projects\logintracker3\javascript.php(34): preg_replace('\n|\r', '', '/*
 * jqModal ...')
[internal function]
preg_replace(): Delimiter must not be alphanumeric or backslash

Context
-------

$_SERVER: Array
(
    [MIBDIRS] => C:/xampplite/php/extras/mibs
    [MYSQL_HOME] => C:\xampplite\mysql\bin
    [OPENSSL_CONF] => C:/xampplite/apache/bin/openssl.cnf
    [PHP_PEAR_SYSCONF_DIR] => C:\xampplite\php
    [PHPRC] => C:\xampplite\php
    [TMP] => C:\xampplite\tmp
    [HTTP_HOST] => localhost
    [HTTP_CONNECTION] => keep-alive
    [HTTP_REFERER] => http://localhost/projects/logintracker3/
    [HTTP_CACHE_CONTROL] => max-age=0
    [HTTP_ACCEPT] => application/xml,application/xhtml+xml,text/html;q=0.9,text/plain;q=0.8,image/png,*/*;q=0.5
    [HTTP_USER_AGENT] => Mozilla/5.0 (Windows; U; Windows NT 6.1; en-US) AppleWebKit/534.7 (KHTML, like Gecko) Chrome/7.0.517.44 Safari/534.7
    [HTTP_ACCEPT_ENCODING] => gzip,deflate,sdch
    [HTTP_ACCEPT_LANGUAGE] => en-GB,en-US;q=0.8,en;q=0.6
    [HTTP_ACCEPT_CHARSET] => ISO-8859-1,utf-8;q=0.7,*;q=0.3
    [HTTP_COOKIE] => exp_last_visit=1273421110; exp_last_activity=1273439565; ys-modx-tree-menu=a%3As%253A/n_%5Es%253A/n_/n_site%5Es%253A/n_/n_components; ys-modx-tree-action=a%3As%253A/n_root_0%5Es%253A/n_root_0/n_namespace_core; ys-modx-package-browser-tree=a%3As%253A/modx-package-browser-tree-root%5Es%253A/modx-package-browser-tree-root/n_repository_11%5Es%253A/modx-package-browser-tree-root/n_repository_10; ys-modx-leftbar-state=o%3AactiveTab%3Dn%253A1; ys-modx-resource-tree=a%3As%253A/root%5Es%253A/root/web_0%5Es%253A/root/web_0/web_9%5Es%253A/root/web_0/web_1%5Es%253A/root/web_0/web_2%5Es%253A/root/web_0/web_3%5Es%253A/root/web_0/web_4%5Es%253A/root/web_0/web_5%5Es%253A/root/web_0/web_6%5Es%253A/root/web_0/web_7%5Es%253A/root/web_0/web_8; ys-modx-file-tree=s%3A/Files; ys-modx-element-tree=a%3As%253A/root%5Es%253A/root/n_category%5Es%253A/root/n_type_template; crbsb.date=2010-09-07; cal_year=2010; cal_month=10; PHPSESSID=s2kann7fa1bjlsrdpqa44vbni6
    [PATH] => C:\Program Files\Common Files\Microsoft Shared\Windows Live;C:\Windows\system32;C:\Windows;C:\Windows\System32\Wbem;C:\Windows\System32\WindowsPowerShell\v1.0\;C:\Program Files\WinSCP\;C:\Program Files\TortoiseHg\;C:\Program Files\TortoiseGit\bin;C:\Program Files\Windows Live\Shared;C:\Program Files\QT Lite\QTSystem;
    [SystemRoot] => C:\Windows
    [COMSPEC] => C:\Windows\system32\cmd.exe
    [PATHEXT] => .COM;.EXE;.BAT;.CMD;.VBS;.VBE;.JS;.JSE;.WSF;.WSH;.MSC
    [WINDIR] => C:\Windows
    [SERVER_SIGNATURE] => <address>Apache/2.2.14 (Win32) DAV/2 mod_autoindex_color PHP/5.3.1 Server at localhost Port 80</address>
  
    [SERVER_SOFTWARE] => Apache/2.2.14 (Win32) DAV/2 mod_autoindex_color PHP/5.3.1
    [SERVER_NAME] => localhost
    [SERVER_ADDR] => 127.0.0.1
    [SERVER_PORT] => 80
    [REMOTE_ADDR] => 127.0.0.1
    [DOCUMENT_ROOT] => C:/xampplite/htdocs
    [SERVER_ADMIN] => postmaster@localhost
    [SCRIPT_FILENAME] => C:/xampplite/htdocs/projects/logintracker3/javascript.php
    [REMOTE_PORT] => 56595
    [GATEWAY_INTERFACE] => CGI/1.1
    [SERVER_PROTOCOL] => HTTP/1.1
    [REQUEST_METHOD] => GET
    [QUERY_STRING] => {empty_string}
    [REQUEST_URI] => /projects/logintracker3/javascript.php
    [SCRIPT_NAME] => /projects/logintracker3/javascript.php
    [PHP_SELF] => /projects/logintracker3/javascript.php
    [REQUEST_TIME] => 1290361259
    [argv] => Array
        (
        )
  
    [argc] => 0
)

$_POST: Array
(
)

$_GET: Array
(
)

$_FILES: Array
(
)

$_SESSION: {null}

$_COOKIE: Array
(
    [exp_last_visit] => 1273421110
    [exp_last_activity] => 1273439565
    [ys-modx-tree-menu] => a:s%3A/n_^s%3A/n_/n_site^s%3A/n_/n_components
    [ys-modx-tree-action] => a:s%3A/n_root_0^s%3A/n_root_0/n_namespace_core
    [ys-modx-package-browser-tree] => a:s%3A/modx-package-browser-tree-root^s%3A/modx-package-browser-tree-root/n_repository_11^s%3A/modx-package-browser-tree-root/n_repository_10
    [ys-modx-leftbar-state] => o:activeTab=n%3A1
    [ys-modx-resource-tree] => a:s%3A/root^s%3A/root/web_0^s%3A/root/web_0/web_9^s%3A/root/web_0/web_1^s%3A/root/web_0/web_2^s%3A/root/web_0/web_3^s%3A/root/web_0/web_4^s%3A/root/web_0/web_5^s%3A/root/web_0/web_6^s%3A/root/web_0/web_7^s%3A/root/web_0/web_8
    [ys-modx-file-tree] => s:/Files
    [ys-modx-element-tree] => a:s%3A/root^s%3A/root/n_category^s%3A/root/n_type_template
    [crbsb_date] => 2010-09-07
    [cal_year] => 2010
    [cal_month] => 10
    [PHPSESSID] => s2kann7fa1bjlsrdpqa44vbni6
)

[localhost] One or more errors or exceptions occured at 2010-11-21 17:41:20

Warning
-------
{doc_root}\projects\logintracker3\javascript.php(34): preg_replace('\n', '', '/*!
 * jQuery J...')
[internal function]
preg_replace(): Delimiter must not be alphanumeric or backslash

Warning
-------
{doc_root}\projects\logintracker3\javascript.php(34): preg_replace('\n', '', '$(function($) {...')
[internal function]
preg_replace(): Delimiter must not be alphanumeric or backslash

Warning
-------
{doc_root}\projects\logintracker3\javascript.php(34): preg_replace('\n', '', '// name: sammy
...')
[internal function]
preg_replace(): Delimiter must not be alphanumeric or backslash

Warning
-------
{doc_root}\projects\logintracker3\javascript.php(34): preg_replace('\n', '', '(function($) {...')
[internal function]
preg_replace(): Delimiter must not be alphanumeric or backslash

Warning
-------
{doc_root}\projects\logintracker3\javascript.php(34): preg_replace('\n', '', '(function($) {...')
[internal function]
preg_replace(): Delimiter must not be alphanumeric or backslash

Warning
-------
{doc_root}\projects\logintracker3\javascript.php(34): preg_replace('\n', '', '/*
 * jqModal ...')
[internal function]
preg_replace(): Delimiter must not be alphanumeric or backslash

Warning
-------
{doc_root}\projects\logintracker3\javascript.php(34): preg_replace('\n', '', '')
[internal function]
preg_replace(): Delimiter must not be alphanumeric or backslash

Context
-------

$_SERVER: Array
(
    [MIBDIRS] => C:/xampplite/php/extras/mibs
    [MYSQL_HOME] => C:\xampplite\mysql\bin
    [OPENSSL_CONF] => C:/xampplite/apache/bin/openssl.cnf
    [PHP_PEAR_SYSCONF_DIR] => C:\xampplite\php
    [PHPRC] => C:\xampplite\php
    [TMP] => C:\xampplite\tmp
    [HTTP_HOST] => localhost
    [HTTP_CONNECTION] => keep-alive
    [HTTP_REFERER] => http://localhost/projects/logintracker3/
    [HTTP_CACHE_CONTROL] => max-age=0
    [HTTP_ACCEPT] => application/xml,application/xhtml+xml,text/html;q=0.9,text/plain;q=0.8,image/png,*/*;q=0.5
    [HTTP_USER_AGENT] => Mozilla/5.0 (Windows; U; Windows NT 6.1; en-US) AppleWebKit/534.7 (KHTML, like Gecko) Chrome/7.0.517.44 Safari/534.7
    [HTTP_ACCEPT_ENCODING] => gzip,deflate,sdch
    [HTTP_ACCEPT_LANGUAGE] => en-GB,en-US;q=0.8,en;q=0.6
    [HTTP_ACCEPT_CHARSET] => ISO-8859-1,utf-8;q=0.7,*;q=0.3
    [HTTP_COOKIE] => exp_last_visit=1273421110; exp_last_activity=1273439565; ys-modx-tree-menu=a%3As%253A/n_%5Es%253A/n_/n_site%5Es%253A/n_/n_components; ys-modx-tree-action=a%3As%253A/n_root_0%5Es%253A/n_root_0/n_namespace_core; ys-modx-package-browser-tree=a%3As%253A/modx-package-browser-tree-root%5Es%253A/modx-package-browser-tree-root/n_repository_11%5Es%253A/modx-package-browser-tree-root/n_repository_10; ys-modx-leftbar-state=o%3AactiveTab%3Dn%253A1; ys-modx-resource-tree=a%3As%253A/root%5Es%253A/root/web_0%5Es%253A/root/web_0/web_9%5Es%253A/root/web_0/web_1%5Es%253A/root/web_0/web_2%5Es%253A/root/web_0/web_3%5Es%253A/root/web_0/web_4%5Es%253A/root/web_0/web_5%5Es%253A/root/web_0/web_6%5Es%253A/root/web_0/web_7%5Es%253A/root/web_0/web_8; ys-modx-file-tree=s%3A/Files; ys-modx-element-tree=a%3As%253A/root%5Es%253A/root/n_category%5Es%253A/root/n_type_template; crbsb.date=2010-09-07; cal_year=2010; cal_month=10; PHPSESSID=s2kann7fa1bjlsrdpqa44vbni6
    [PATH] => C:\Program Files\Common Files\Microsoft Shared\Windows Live;C:\Windows\system32;C:\Windows;C:\Windows\System32\Wbem;C:\Windows\System32\WindowsPowerShell\v1.0\;C:\Program Files\WinSCP\;C:\Program Files\TortoiseHg\;C:\Program Files\TortoiseGit\bin;C:\Program Files\Windows Live\Shared;C:\Program Files\QT Lite\QTSystem;
    [SystemRoot] => C:\Windows
    [COMSPEC] => C:\Windows\system32\cmd.exe
    [PATHEXT] => .COM;.EXE;.BAT;.CMD;.VBS;.VBE;.JS;.JSE;.WSF;.WSH;.MSC
    [WINDIR] => C:\Windows
    [SERVER_SIGNATURE] => <address>Apache/2.2.14 (Win32) DAV/2 mod_autoindex_color PHP/5.3.1 Server at localhost Port 80</address>
  
    [SERVER_SOFTWARE] => Apache/2.2.14 (Win32) DAV/2 mod_autoindex_color PHP/5.3.1
    [SERVER_NAME] => localhost
    [SERVER_ADDR] => 127.0.0.1
    [SERVER_PORT] => 80
    [REMOTE_ADDR] => 127.0.0.1
    [DOCUMENT_ROOT] => C:/xampplite/htdocs
    [SERVER_ADMIN] => postmaster@localhost
    [SCRIPT_FILENAME] => C:/xampplite/htdocs/projects/logintracker3/javascript.php
    [REMOTE_PORT] => 56593
    [GATEWAY_INTERFACE] => CGI/1.1
    [SERVER_PROTOCOL] => HTTP/1.1
    [REQUEST_METHOD] => GET
    [QUERY_STRING] => {empty_string}
    [REQUEST_URI] => /projects/logintracker3/javascript.php
    [SCRIPT_NAME] => /projects/logintracker3/javascript.php
    [PHP_SELF] => /projects/logintracker3/javascript.php
    [REQUEST_TIME] => 1290361280
    [argv] => Array
        (
        )
  
    [argc] => 0
)

$_POST: Array
(
)

$_GET: Array
(
)

$_FILES: Array
(
)

$_SESSION: {null}

$_COOKIE: Array
(
    [exp_last_visit] => 1273421110
    [exp_last_activity] => 1273439565
    [ys-modx-tree-menu] => a:s%3A/n_^s%3A/n_/n_site^s%3A/n_/n_components
    [ys-modx-tree-action] => a:s%3A/n_root_0^s%3A/n_root_0/n_namespace_core
    [ys-modx-package-browser-tree] => a:s%3A/modx-package-browser-tree-root^s%3A/modx-package-browser-tree-root/n_repository_11^s%3A/modx-package-browser-tree-root/n_repository_10
    [ys-modx-leftbar-state] => o:activeTab=n%3A1
    [ys-modx-resource-tree] => a:s%3A/root^s%3A/root/web_0^s%3A/root/web_0/web_9^s%3A/root/web_0/web_1^s%3A/root/web_0/web_2^s%3A/root/web_0/web_3^s%3A/root/web_0/web_4^s%3A/root/web_0/web_5^s%3A/root/web_0/web_6^s%3A/root/web_0/web_7^s%3A/root/web_0/web_8
    [ys-modx-file-tree] => s:/Files
    [ys-modx-element-tree] => a:s%3A/root^s%3A/root/n_category^s%3A/root/n_type_template
    [crbsb_date] => 2010-09-07
    [cal_year] => 2010
    [cal_month] => 10
    [PHPSESSID] => s2kann7fa1bjlsrdpqa44vbni6
)

[localhost] One or more errors or exceptions occured at 2010-11-21 17:46:29

Warning
-------
{doc_root}\projects\logintracker3\javascript.php(34): preg_replace('/\s*/g', '', '/*!
 * jQuery J...')
[internal function]
preg_replace(): Unknown modifier 'g'

Warning
-------
{doc_root}\projects\logintracker3\javascript.php(34): preg_replace('/\s*/g', '', '$(function($) {...')
[internal function]
preg_replace(): Unknown modifier 'g'

Warning
-------
{doc_root}\projects\logintracker3\javascript.php(34): preg_replace('/\s*/g', '', '// name: sammy
...')
[internal function]
preg_replace(): Unknown modifier 'g'

Warning
-------
{doc_root}\projects\logintracker3\javascript.php(34): preg_replace('/\s*/g', '', '(function($) {...')
[internal function]
preg_replace(): Unknown modifier 'g'

Warning
-------
{doc_root}\projects\logintracker3\javascript.php(34): preg_replace('/\s*/g', '', '(function($) {...')
[internal function]
preg_replace(): Unknown modifier 'g'

Warning
-------
{doc_root}\projects\logintracker3\javascript.php(34): preg_replace('/\s*/g', '', '/*
 * jqModal ...')
[internal function]
preg_replace(): Unknown modifier 'g'

Warning
-------
{doc_root}\projects\logintracker3\javascript.php(34): preg_replace('/\s*/g', '', '')
[internal function]
preg_replace(): Unknown modifier 'g'

Context
-------

$_SERVER: Array
(
    [MIBDIRS] => C:/xampplite/php/extras/mibs
    [MYSQL_HOME] => C:\xampplite\mysql\bin
    [OPENSSL_CONF] => C:/xampplite/apache/bin/openssl.cnf
    [PHP_PEAR_SYSCONF_DIR] => C:\xampplite\php
    [PHPRC] => C:\xampplite\php
    [TMP] => C:\xampplite\tmp
    [HTTP_HOST] => localhost
    [HTTP_CONNECTION] => keep-alive
    [HTTP_REFERER] => http://localhost/projects/logintracker3/
    [HTTP_CACHE_CONTROL] => max-age=0
    [HTTP_ACCEPT] => application/xml,application/xhtml+xml,text/html;q=0.9,text/plain;q=0.8,image/png,*/*;q=0.5
    [HTTP_USER_AGENT] => Mozilla/5.0 (Windows; U; Windows NT 6.1; en-US) AppleWebKit/534.7 (KHTML, like Gecko) Chrome/7.0.517.44 Safari/534.7
    [HTTP_ACCEPT_ENCODING] => gzip,deflate,sdch
    [HTTP_ACCEPT_LANGUAGE] => en-GB,en-US;q=0.8,en;q=0.6
    [HTTP_ACCEPT_CHARSET] => ISO-8859-1,utf-8;q=0.7,*;q=0.3
    [HTTP_COOKIE] => exp_last_visit=1273421110; exp_last_activity=1273439565; ys-modx-tree-menu=a%3As%253A/n_%5Es%253A/n_/n_site%5Es%253A/n_/n_components; ys-modx-tree-action=a%3As%253A/n_root_0%5Es%253A/n_root_0/n_namespace_core; ys-modx-package-browser-tree=a%3As%253A/modx-package-browser-tree-root%5Es%253A/modx-package-browser-tree-root/n_repository_11%5Es%253A/modx-package-browser-tree-root/n_repository_10; ys-modx-leftbar-state=o%3AactiveTab%3Dn%253A1; ys-modx-resource-tree=a%3As%253A/root%5Es%253A/root/web_0%5Es%253A/root/web_0/web_9%5Es%253A/root/web_0/web_1%5Es%253A/root/web_0/web_2%5Es%253A/root/web_0/web_3%5Es%253A/root/web_0/web_4%5Es%253A/root/web_0/web_5%5Es%253A/root/web_0/web_6%5Es%253A/root/web_0/web_7%5Es%253A/root/web_0/web_8; ys-modx-file-tree=s%3A/Files; ys-modx-element-tree=a%3As%253A/root%5Es%253A/root/n_category%5Es%253A/root/n_type_template; crbsb.date=2010-09-07; cal_year=2010; cal_month=10; PHPSESSID=s2kann7fa1bjlsrdpqa44vbni6
    [PATH] => C:\Program Files\Common Files\Microsoft Shared\Windows Live;C:\Windows\system32;C:\Windows;C:\Windows\System32\Wbem;C:\Windows\System32\WindowsPowerShell\v1.0\;C:\Program Files\WinSCP\;C:\Program Files\TortoiseHg\;C:\Program Files\TortoiseGit\bin;C:\Program Files\Windows Live\Shared;C:\Program Files\QT Lite\QTSystem;
    [SystemRoot] => C:\Windows
    [COMSPEC] => C:\Windows\system32\cmd.exe
    [PATHEXT] => .COM;.EXE;.BAT;.CMD;.VBS;.VBE;.JS;.JSE;.WSF;.WSH;.MSC
    [WINDIR] => C:\Windows
    [SERVER_SIGNATURE] => <address>Apache/2.2.14 (Win32) DAV/2 mod_autoindex_color PHP/5.3.1 Server at localhost Port 80</address>
  
    [SERVER_SOFTWARE] => Apache/2.2.14 (Win32) DAV/2 mod_autoindex_color PHP/5.3.1
    [SERVER_NAME] => localhost
    [SERVER_ADDR] => 127.0.0.1
    [SERVER_PORT] => 80
    [REMOTE_ADDR] => 127.0.0.1
    [DOCUMENT_ROOT] => C:/xampplite/htdocs
    [SERVER_ADMIN] => postmaster@localhost
    [SCRIPT_FILENAME] => C:/xampplite/htdocs/projects/logintracker3/javascript.php
    [REMOTE_PORT] => 56403
    [GATEWAY_INTERFACE] => CGI/1.1
    [SERVER_PROTOCOL] => HTTP/1.1
    [REQUEST_METHOD] => GET
    [QUERY_STRING] => {empty_string}
    [REQUEST_URI] => /projects/logintracker3/javascript.php
    [SCRIPT_NAME] => /projects/logintracker3/javascript.php
    [PHP_SELF] => /projects/logintracker3/javascript.php
    [REQUEST_TIME] => 1290361589
    [argv] => Array
        (
        )
  
    [argc] => 0
)

$_POST: Array
(
)

$_GET: Array
(
)

$_FILES: Array
(
)

$_SESSION: {null}

$_COOKIE: Array
(
    [exp_last_visit] => 1273421110
    [exp_last_activity] => 1273439565
    [ys-modx-tree-menu] => a:s%3A/n_^s%3A/n_/n_site^s%3A/n_/n_components
    [ys-modx-tree-action] => a:s%3A/n_root_0^s%3A/n_root_0/n_namespace_core
    [ys-modx-package-browser-tree] => a:s%3A/modx-package-browser-tree-root^s%3A/modx-package-browser-tree-root/n_repository_11^s%3A/modx-package-browser-tree-root/n_repository_10
    [ys-modx-leftbar-state] => o:activeTab=n%3A1
    [ys-modx-resource-tree] => a:s%3A/root^s%3A/root/web_0^s%3A/root/web_0/web_9^s%3A/root/web_0/web_1^s%3A/root/web_0/web_2^s%3A/root/web_0/web_3^s%3A/root/web_0/web_4^s%3A/root/web_0/web_5^s%3A/root/web_0/web_6^s%3A/root/web_0/web_7^s%3A/root/web_0/web_8
    [ys-modx-file-tree] => s:/Files
    [ys-modx-element-tree] => a:s%3A/root^s%3A/root/n_category^s%3A/root/n_type_template
    [crbsb_date] => 2010-09-07
    [cal_year] => 2010
    [cal_month] => 10
    [PHPSESSID] => s2kann7fa1bjlsrdpqa44vbni6
)

[localhost] One or more errors or exceptions occured at 2010-11-21 17:46:49

Warning
-------
{doc_root}\projects\logintracker3\javascript.php(34): preg_replace('/\s*/g', '', '/*!
 * jQuery J...')
[internal function]
preg_replace(): Unknown modifier 'g'

Warning
-------
{doc_root}\projects\logintracker3\javascript.php(34): preg_replace('/\s*/g', '', '$(function($) {...')
[internal function]
preg_replace(): Unknown modifier 'g'

Warning
-------
{doc_root}\projects\logintracker3\javascript.php(34): preg_replace('/\s*/g', '', '// name: sammy
...')
[internal function]
preg_replace(): Unknown modifier 'g'

Warning
-------
{doc_root}\projects\logintracker3\javascript.php(34): preg_replace('/\s*/g', '', '(function($) {...')
[internal function]
preg_replace(): Unknown modifier 'g'

Warning
-------
{doc_root}\projects\logintracker3\javascript.php(34): preg_replace('/\s*/g', '', '(function($) {...')
[internal function]
preg_replace(): Unknown modifier 'g'

Warning
-------
{doc_root}\projects\logintracker3\javascript.php(34): preg_replace('/\s*/g', '', '/*
 * jqModal ...')
[internal function]
preg_replace(): Unknown modifier 'g'

Warning
-------
{doc_root}\projects\logintracker3\javascript.php(34): preg_replace('/\s*/g', '', '')
[internal function]
preg_replace(): Unknown modifier 'g'

Context
-------

$_SERVER: Array
(
    [MIBDIRS] => C:/xampplite/php/extras/mibs
    [MYSQL_HOME] => C:\xampplite\mysql\bin
    [OPENSSL_CONF] => C:/xampplite/apache/bin/openssl.cnf
    [PHP_PEAR_SYSCONF_DIR] => C:\xampplite\php
    [PHPRC] => C:\xampplite\php
    [TMP] => C:\xampplite\tmp
    [HTTP_HOST] => localhost
    [HTTP_CONNECTION] => keep-alive
    [HTTP_REFERER] => http://localhost/projects/logintracker3/
    [HTTP_CACHE_CONTROL] => max-age=0
    [HTTP_ACCEPT] => application/xml,application/xhtml+xml,text/html;q=0.9,text/plain;q=0.8,image/png,*/*;q=0.5
    [HTTP_USER_AGENT] => Mozilla/5.0 (Windows; U; Windows NT 6.1; en-US) AppleWebKit/534.7 (KHTML, like Gecko) Chrome/7.0.517.44 Safari/534.7
    [HTTP_ACCEPT_ENCODING] => gzip,deflate,sdch
    [HTTP_ACCEPT_LANGUAGE] => en-GB,en-US;q=0.8,en;q=0.6
    [HTTP_ACCEPT_CHARSET] => ISO-8859-1,utf-8;q=0.7,*;q=0.3
    [HTTP_COOKIE] => exp_last_visit=1273421110; exp_last_activity=1273439565; ys-modx-tree-menu=a%3As%253A/n_%5Es%253A/n_/n_site%5Es%253A/n_/n_components; ys-modx-tree-action=a%3As%253A/n_root_0%5Es%253A/n_root_0/n_namespace_core; ys-modx-package-browser-tree=a%3As%253A/modx-package-browser-tree-root%5Es%253A/modx-package-browser-tree-root/n_repository_11%5Es%253A/modx-package-browser-tree-root/n_repository_10; ys-modx-leftbar-state=o%3AactiveTab%3Dn%253A1; ys-modx-resource-tree=a%3As%253A/root%5Es%253A/root/web_0%5Es%253A/root/web_0/web_9%5Es%253A/root/web_0/web_1%5Es%253A/root/web_0/web_2%5Es%253A/root/web_0/web_3%5Es%253A/root/web_0/web_4%5Es%253A/root/web_0/web_5%5Es%253A/root/web_0/web_6%5Es%253A/root/web_0/web_7%5Es%253A/root/web_0/web_8; ys-modx-file-tree=s%3A/Files; ys-modx-element-tree=a%3As%253A/root%5Es%253A/root/n_category%5Es%253A/root/n_type_template; crbsb.date=2010-09-07; cal_year=2010; cal_month=10; PHPSESSID=s2kann7fa1bjlsrdpqa44vbni6
    [PATH] => C:\Program Files\Common Files\Microsoft Shared\Windows Live;C:\Windows\system32;C:\Windows;C:\Windows\System32\Wbem;C:\Windows\System32\WindowsPowerShell\v1.0\;C:\Program Files\WinSCP\;C:\Program Files\TortoiseHg\;C:\Program Files\TortoiseGit\bin;C:\Program Files\Windows Live\Shared;C:\Program Files\QT Lite\QTSystem;
    [SystemRoot] => C:\Windows
    [COMSPEC] => C:\Windows\system32\cmd.exe
    [PATHEXT] => .COM;.EXE;.BAT;.CMD;.VBS;.VBE;.JS;.JSE;.WSF;.WSH;.MSC
    [WINDIR] => C:\Windows
    [SERVER_SIGNATURE] => <address>Apache/2.2.14 (Win32) DAV/2 mod_autoindex_color PHP/5.3.1 Server at localhost Port 80</address>
  
    [SERVER_SOFTWARE] => Apache/2.2.14 (Win32) DAV/2 mod_autoindex_color PHP/5.3.1
    [SERVER_NAME] => localhost
    [SERVER_ADDR] => 127.0.0.1
    [SERVER_PORT] => 80
    [REMOTE_ADDR] => 127.0.0.1
    [DOCUMENT_ROOT] => C:/xampplite/htdocs
    [SERVER_ADMIN] => postmaster@localhost
    [SCRIPT_FILENAME] => C:/xampplite/htdocs/projects/logintracker3/javascript.php
    [REMOTE_PORT] => 56551
    [GATEWAY_INTERFACE] => CGI/1.1
    [SERVER_PROTOCOL] => HTTP/1.1
    [REQUEST_METHOD] => GET
    [QUERY_STRING] => {empty_string}
    [REQUEST_URI] => /projects/logintracker3/javascript.php
    [SCRIPT_NAME] => /projects/logintracker3/javascript.php
    [PHP_SELF] => /projects/logintracker3/javascript.php
    [REQUEST_TIME] => 1290361609
    [argv] => Array
        (
        )
  
    [argc] => 0
)

$_POST: Array
(
)

$_GET: Array
(
)

$_FILES: Array
(
)

$_SESSION: {null}

$_COOKIE: Array
(
    [exp_last_visit] => 1273421110
    [exp_last_activity] => 1273439565
    [ys-modx-tree-menu] => a:s%3A/n_^s%3A/n_/n_site^s%3A/n_/n_components
    [ys-modx-tree-action] => a:s%3A/n_root_0^s%3A/n_root_0/n_namespace_core
    [ys-modx-package-browser-tree] => a:s%3A/modx-package-browser-tree-root^s%3A/modx-package-browser-tree-root/n_repository_11^s%3A/modx-package-browser-tree-root/n_repository_10
    [ys-modx-leftbar-state] => o:activeTab=n%3A1
    [ys-modx-resource-tree] => a:s%3A/root^s%3A/root/web_0^s%3A/root/web_0/web_9^s%3A/root/web_0/web_1^s%3A/root/web_0/web_2^s%3A/root/web_0/web_3^s%3A/root/web_0/web_4^s%3A/root/web_0/web_5^s%3A/root/web_0/web_6^s%3A/root/web_0/web_7^s%3A/root/web_0/web_8
    [ys-modx-file-tree] => s:/Files
    [ys-modx-element-tree] => a:s%3A/root^s%3A/root/n_category^s%3A/root/n_type_template
    [crbsb_date] => 2010-09-07
    [cal_year] => 2010
    [cal_month] => 10
    [PHPSESSID] => s2kann7fa1bjlsrdpqa44vbni6
)

[localhost] One or more errors or exceptions occured at 2010-11-21 17:46:56

Warning
-------
{doc_root}\projects\logintracker3\javascript.php(34): preg_replace('/x/g', '', '/*!
 * jQuery J...')
[internal function]
preg_replace(): Unknown modifier 'g'

Warning
-------
{doc_root}\projects\logintracker3\javascript.php(34): preg_replace('/x/g', '', '$(function($) {...')
[internal function]
preg_replace(): Unknown modifier 'g'

Warning
-------
{doc_root}\projects\logintracker3\javascript.php(34): preg_replace('/x/g', '', '// name: sammy
...')
[internal function]
preg_replace(): Unknown modifier 'g'

Warning
-------
{doc_root}\projects\logintracker3\javascript.php(34): preg_replace('/x/g', '', '(function($) {...')
[internal function]
preg_replace(): Unknown modifier 'g'

Warning
-------
{doc_root}\projects\logintracker3\javascript.php(34): preg_replace('/x/g', '', '(function($) {...')
[internal function]
preg_replace(): Unknown modifier 'g'

Warning
-------
{doc_root}\projects\logintracker3\javascript.php(34): preg_replace('/x/g', '', '/*
 * jqModal ...')
[internal function]
preg_replace(): Unknown modifier 'g'

Warning
-------
{doc_root}\projects\logintracker3\javascript.php(34): preg_replace('/x/g', '', '')
[internal function]
preg_replace(): Unknown modifier 'g'

Context
-------

$_SERVER: Array
(
    [MIBDIRS] => C:/xampplite/php/extras/mibs
    [MYSQL_HOME] => C:\xampplite\mysql\bin
    [OPENSSL_CONF] => C:/xampplite/apache/bin/openssl.cnf
    [PHP_PEAR_SYSCONF_DIR] => C:\xampplite\php
    [PHPRC] => C:\xampplite\php
    [TMP] => C:\xampplite\tmp
    [HTTP_HOST] => localhost
    [HTTP_CONNECTION] => keep-alive
    [HTTP_REFERER] => http://localhost/projects/logintracker3/
    [HTTP_CACHE_CONTROL] => max-age=0
    [HTTP_ACCEPT] => application/xml,application/xhtml+xml,text/html;q=0.9,text/plain;q=0.8,image/png,*/*;q=0.5
    [HTTP_USER_AGENT] => Mozilla/5.0 (Windows; U; Windows NT 6.1; en-US) AppleWebKit/534.7 (KHTML, like Gecko) Chrome/7.0.517.44 Safari/534.7
    [HTTP_ACCEPT_ENCODING] => gzip,deflate,sdch
    [HTTP_ACCEPT_LANGUAGE] => en-GB,en-US;q=0.8,en;q=0.6
    [HTTP_ACCEPT_CHARSET] => ISO-8859-1,utf-8;q=0.7,*;q=0.3
    [HTTP_COOKIE] => exp_last_visit=1273421110; exp_last_activity=1273439565; ys-modx-tree-menu=a%3As%253A/n_%5Es%253A/n_/n_site%5Es%253A/n_/n_components; ys-modx-tree-action=a%3As%253A/n_root_0%5Es%253A/n_root_0/n_namespace_core; ys-modx-package-browser-tree=a%3As%253A/modx-package-browser-tree-root%5Es%253A/modx-package-browser-tree-root/n_repository_11%5Es%253A/modx-package-browser-tree-root/n_repository_10; ys-modx-leftbar-state=o%3AactiveTab%3Dn%253A1; ys-modx-resource-tree=a%3As%253A/root%5Es%253A/root/web_0%5Es%253A/root/web_0/web_9%5Es%253A/root/web_0/web_1%5Es%253A/root/web_0/web_2%5Es%253A/root/web_0/web_3%5Es%253A/root/web_0/web_4%5Es%253A/root/web_0/web_5%5Es%253A/root/web_0/web_6%5Es%253A/root/web_0/web_7%5Es%253A/root/web_0/web_8; ys-modx-file-tree=s%3A/Files; ys-modx-element-tree=a%3As%253A/root%5Es%253A/root/n_category%5Es%253A/root/n_type_template; crbsb.date=2010-09-07; cal_year=2010; cal_month=10; PHPSESSID=s2kann7fa1bjlsrdpqa44vbni6
    [PATH] => C:\Program Files\Common Files\Microsoft Shared\Windows Live;C:\Windows\system32;C:\Windows;C:\Windows\System32\Wbem;C:\Windows\System32\WindowsPowerShell\v1.0\;C:\Program Files\WinSCP\;C:\Program Files\TortoiseHg\;C:\Program Files\TortoiseGit\bin;C:\Program Files\Windows Live\Shared;C:\Program Files\QT Lite\QTSystem;
    [SystemRoot] => C:\Windows
    [COMSPEC] => C:\Windows\system32\cmd.exe
    [PATHEXT] => .COM;.EXE;.BAT;.CMD;.VBS;.VBE;.JS;.JSE;.WSF;.WSH;.MSC
    [WINDIR] => C:\Windows
    [SERVER_SIGNATURE] => <address>Apache/2.2.14 (Win32) DAV/2 mod_autoindex_color PHP/5.3.1 Server at localhost Port 80</address>
  
    [SERVER_SOFTWARE] => Apache/2.2.14 (Win32) DAV/2 mod_autoindex_color PHP/5.3.1
    [SERVER_NAME] => localhost
    [SERVER_ADDR] => 127.0.0.1
    [SERVER_PORT] => 80
    [REMOTE_ADDR] => 127.0.0.1
    [DOCUMENT_ROOT] => C:/xampplite/htdocs
    [SERVER_ADMIN] => postmaster@localhost
    [SCRIPT_FILENAME] => C:/xampplite/htdocs/projects/logintracker3/javascript.php
    [REMOTE_PORT] => 56553
    [GATEWAY_INTERFACE] => CGI/1.1
    [SERVER_PROTOCOL] => HTTP/1.1
    [REQUEST_METHOD] => GET
    [QUERY_STRING] => {empty_string}
    [REQUEST_URI] => /projects/logintracker3/javascript.php
    [SCRIPT_NAME] => /projects/logintracker3/javascript.php
    [PHP_SELF] => /projects/logintracker3/javascript.php
    [REQUEST_TIME] => 1290361616
    [argv] => Array
        (
        )
  
    [argc] => 0
)

$_POST: Array
(
)

$_GET: Array
(
)

$_FILES: Array
(
)

$_SESSION: {null}

$_COOKIE: Array
(
    [exp_last_visit] => 1273421110
    [exp_last_activity] => 1273439565
    [ys-modx-tree-menu] => a:s%3A/n_^s%3A/n_/n_site^s%3A/n_/n_components
    [ys-modx-tree-action] => a:s%3A/n_root_0^s%3A/n_root_0/n_namespace_core
    [ys-modx-package-browser-tree] => a:s%3A/modx-package-browser-tree-root^s%3A/modx-package-browser-tree-root/n_repository_11^s%3A/modx-package-browser-tree-root/n_repository_10
    [ys-modx-leftbar-state] => o:activeTab=n%3A1
    [ys-modx-resource-tree] => a:s%3A/root^s%3A/root/web_0^s%3A/root/web_0/web_9^s%3A/root/web_0/web_1^s%3A/root/web_0/web_2^s%3A/root/web_0/web_3^s%3A/root/web_0/web_4^s%3A/root/web_0/web_5^s%3A/root/web_0/web_6^s%3A/root/web_0/web_7^s%3A/root/web_0/web_8
    [ys-modx-file-tree] => s:/Files
    [ys-modx-element-tree] => a:s%3A/root^s%3A/root/n_category^s%3A/root/n_type_template
    [crbsb_date] => 2010-09-07
    [cal_year] => 2010
    [cal_month] => 10
    [PHPSESSID] => s2kann7fa1bjlsrdpqa44vbni6
)

[localhost] One or more errors or exceptions occured at 2010-11-21 17:46:58

Warning
-------
{doc_root}\projects\logintracker3\javascript.php(34): preg_replace('/x/g', '', '/*!
 * jQuery J...')
[internal function]
preg_replace(): Unknown modifier 'g'

Warning
-------
{doc_root}\projects\logintracker3\javascript.php(34): preg_replace('/x/g', '', '$(function($) {...')
[internal function]
preg_replace(): Unknown modifier 'g'

Warning
-------
{doc_root}\projects\logintracker3\javascript.php(34): preg_replace('/x/g', '', '// name: sammy
...')
[internal function]
preg_replace(): Unknown modifier 'g'

Warning
-------
{doc_root}\projects\logintracker3\javascript.php(34): preg_replace('/x/g', '', '(function($) {...')
[internal function]
preg_replace(): Unknown modifier 'g'

Warning
-------
{doc_root}\projects\logintracker3\javascript.php(34): preg_replace('/x/g', '', '(function($) {...')
[internal function]
preg_replace(): Unknown modifier 'g'

Warning
-------
{doc_root}\projects\logintracker3\javascript.php(34): preg_replace('/x/g', '', '/*
 * jqModal ...')
[internal function]
preg_replace(): Unknown modifier 'g'

Warning
-------
{doc_root}\projects\logintracker3\javascript.php(34): preg_replace('/x/g', '', '')
[internal function]
preg_replace(): Unknown modifier 'g'

Context
-------

$_SERVER: Array
(
    [MIBDIRS] => C:/xampplite/php/extras/mibs
    [MYSQL_HOME] => C:\xampplite\mysql\bin
    [OPENSSL_CONF] => C:/xampplite/apache/bin/openssl.cnf
    [PHP_PEAR_SYSCONF_DIR] => C:\xampplite\php
    [PHPRC] => C:\xampplite\php
    [TMP] => C:\xampplite\tmp
    [HTTP_HOST] => localhost
    [HTTP_CONNECTION] => keep-alive
    [HTTP_REFERER] => http://localhost/projects/logintracker3/
    [HTTP_CACHE_CONTROL] => max-age=0
    [HTTP_ACCEPT] => application/xml,application/xhtml+xml,text/html;q=0.9,text/plain;q=0.8,image/png,*/*;q=0.5
    [HTTP_USER_AGENT] => Mozilla/5.0 (Windows; U; Windows NT 6.1; en-US) AppleWebKit/534.7 (KHTML, like Gecko) Chrome/7.0.517.44 Safari/534.7
    [HTTP_ACCEPT_ENCODING] => gzip,deflate,sdch
    [HTTP_ACCEPT_LANGUAGE] => en-GB,en-US;q=0.8,en;q=0.6
    [HTTP_ACCEPT_CHARSET] => ISO-8859-1,utf-8;q=0.7,*;q=0.3
    [HTTP_COOKIE] => exp_last_visit=1273421110; exp_last_activity=1273439565; ys-modx-tree-menu=a%3As%253A/n_%5Es%253A/n_/n_site%5Es%253A/n_/n_components; ys-modx-tree-action=a%3As%253A/n_root_0%5Es%253A/n_root_0/n_namespace_core; ys-modx-package-browser-tree=a%3As%253A/modx-package-browser-tree-root%5Es%253A/modx-package-browser-tree-root/n_repository_11%5Es%253A/modx-package-browser-tree-root/n_repository_10; ys-modx-leftbar-state=o%3AactiveTab%3Dn%253A1; ys-modx-resource-tree=a%3As%253A/root%5Es%253A/root/web_0%5Es%253A/root/web_0/web_9%5Es%253A/root/web_0/web_1%5Es%253A/root/web_0/web_2%5Es%253A/root/web_0/web_3%5Es%253A/root/web_0/web_4%5Es%253A/root/web_0/web_5%5Es%253A/root/web_0/web_6%5Es%253A/root/web_0/web_7%5Es%253A/root/web_0/web_8; ys-modx-file-tree=s%3A/Files; ys-modx-element-tree=a%3As%253A/root%5Es%253A/root/n_category%5Es%253A/root/n_type_template; crbsb.date=2010-09-07; cal_year=2010; cal_month=10; PHPSESSID=s2kann7fa1bjlsrdpqa44vbni6
    [PATH] => C:\Program Files\Common Files\Microsoft Shared\Windows Live;C:\Windows\system32;C:\Windows;C:\Windows\System32\Wbem;C:\Windows\System32\WindowsPowerShell\v1.0\;C:\Program Files\WinSCP\;C:\Program Files\TortoiseHg\;C:\Program Files\TortoiseGit\bin;C:\Program Files\Windows Live\Shared;C:\Program Files\QT Lite\QTSystem;
    [SystemRoot] => C:\Windows
    [COMSPEC] => C:\Windows\system32\cmd.exe
    [PATHEXT] => .COM;.EXE;.BAT;.CMD;.VBS;.VBE;.JS;.JSE;.WSF;.WSH;.MSC
    [WINDIR] => C:\Windows
    [SERVER_SIGNATURE] => <address>Apache/2.2.14 (Win32) DAV/2 mod_autoindex_color PHP/5.3.1 Server at localhost Port 80</address>
  
    [SERVER_SOFTWARE] => Apache/2.2.14 (Win32) DAV/2 mod_autoindex_color PHP/5.3.1
    [SERVER_NAME] => localhost
    [SERVER_ADDR] => 127.0.0.1
    [SERVER_PORT] => 80
    [REMOTE_ADDR] => 127.0.0.1
    [DOCUMENT_ROOT] => C:/xampplite/htdocs
    [SERVER_ADMIN] => postmaster@localhost
    [SCRIPT_FILENAME] => C:/xampplite/htdocs/projects/logintracker3/javascript.php
    [REMOTE_PORT] => 56553
    [GATEWAY_INTERFACE] => CGI/1.1
    [SERVER_PROTOCOL] => HTTP/1.1
    [REQUEST_METHOD] => GET
    [QUERY_STRING] => {empty_string}
    [REQUEST_URI] => /projects/logintracker3/javascript.php
    [SCRIPT_NAME] => /projects/logintracker3/javascript.php
    [PHP_SELF] => /projects/logintracker3/javascript.php
    [REQUEST_TIME] => 1290361617
    [argv] => Array
        (
        )
  
    [argc] => 0
)

$_POST: Array
(
)

$_GET: Array
(
)

$_FILES: Array
(
)

$_SESSION: {null}

$_COOKIE: Array
(
    [exp_last_visit] => 1273421110
    [exp_last_activity] => 1273439565
    [ys-modx-tree-menu] => a:s%3A/n_^s%3A/n_/n_site^s%3A/n_/n_components
    [ys-modx-tree-action] => a:s%3A/n_root_0^s%3A/n_root_0/n_namespace_core
    [ys-modx-package-browser-tree] => a:s%3A/modx-package-browser-tree-root^s%3A/modx-package-browser-tree-root/n_repository_11^s%3A/modx-package-browser-tree-root/n_repository_10
    [ys-modx-leftbar-state] => o:activeTab=n%3A1
    [ys-modx-resource-tree] => a:s%3A/root^s%3A/root/web_0^s%3A/root/web_0/web_9^s%3A/root/web_0/web_1^s%3A/root/web_0/web_2^s%3A/root/web_0/web_3^s%3A/root/web_0/web_4^s%3A/root/web_0/web_5^s%3A/root/web_0/web_6^s%3A/root/web_0/web_7^s%3A/root/web_0/web_8
    [ys-modx-file-tree] => s:/Files
    [ys-modx-element-tree] => a:s%3A/root^s%3A/root/n_category^s%3A/root/n_type_template
    [crbsb_date] => 2010-09-07
    [cal_year] => 2010
    [cal_month] => 10
    [PHPSESSID] => s2kann7fa1bjlsrdpqa44vbni6
)

[localhost] One or more errors or exceptions occured at 2010-11-21 17:47:06

Warning
-------
{doc_root}\projects\logintracker3\javascript.php(34): preg_replace('/x/g', '', '/*!
 * jQuery J...')
[internal function]
preg_replace(): Unknown modifier 'g'

Warning
-------
{doc_root}\projects\logintracker3\javascript.php(34): preg_replace('/x/g', '', '$(function($) {...')
[internal function]
preg_replace(): Unknown modifier 'g'

Warning
-------
{doc_root}\projects\logintracker3\javascript.php(34): preg_replace('/x/g', '', '// name: sammy
...')
[internal function]
preg_replace(): Unknown modifier 'g'

Warning
-------
{doc_root}\projects\logintracker3\javascript.php(34): preg_replace('/x/g', '', '(function($) {...')
[internal function]
preg_replace(): Unknown modifier 'g'

Warning
-------
{doc_root}\projects\logintracker3\javascript.php(34): preg_replace('/x/g', '', '(function($) {...')
[internal function]
preg_replace(): Unknown modifier 'g'

Warning
-------
{doc_root}\projects\logintracker3\javascript.php(34): preg_replace('/x/g', '', '/*
 * jqModal ...')
[internal function]
preg_replace(): Unknown modifier 'g'

Warning
-------
{doc_root}\projects\logintracker3\javascript.php(34): preg_replace('/x/g', '', '')
[internal function]
preg_replace(): Unknown modifier 'g'

Context
-------

$_SERVER: Array
(
    [MIBDIRS] => C:/xampplite/php/extras/mibs
    [MYSQL_HOME] => C:\xampplite\mysql\bin
    [OPENSSL_CONF] => C:/xampplite/apache/bin/openssl.cnf
    [PHP_PEAR_SYSCONF_DIR] => C:\xampplite\php
    [PHPRC] => C:\xampplite\php
    [TMP] => C:\xampplite\tmp
    [HTTP_HOST] => localhost
    [HTTP_CONNECTION] => keep-alive
    [HTTP_REFERER] => http://localhost/projects/logintracker3/
    [HTTP_CACHE_CONTROL] => max-age=0
    [HTTP_ACCEPT] => application/xml,application/xhtml+xml,text/html;q=0.9,text/plain;q=0.8,image/png,*/*;q=0.5
    [HTTP_USER_AGENT] => Mozilla/5.0 (Windows; U; Windows NT 6.1; en-US) AppleWebKit/534.7 (KHTML, like Gecko) Chrome/7.0.517.44 Safari/534.7
    [HTTP_ACCEPT_ENCODING] => gzip,deflate,sdch
    [HTTP_ACCEPT_LANGUAGE] => en-GB,en-US;q=0.8,en;q=0.6
    [HTTP_ACCEPT_CHARSET] => ISO-8859-1,utf-8;q=0.7,*;q=0.3
    [HTTP_COOKIE] => exp_last_visit=1273421110; exp_last_activity=1273439565; ys-modx-tree-menu=a%3As%253A/n_%5Es%253A/n_/n_site%5Es%253A/n_/n_components; ys-modx-tree-action=a%3As%253A/n_root_0%5Es%253A/n_root_0/n_namespace_core; ys-modx-package-browser-tree=a%3As%253A/modx-package-browser-tree-root%5Es%253A/modx-package-browser-tree-root/n_repository_11%5Es%253A/modx-package-browser-tree-root/n_repository_10; ys-modx-leftbar-state=o%3AactiveTab%3Dn%253A1; ys-modx-resource-tree=a%3As%253A/root%5Es%253A/root/web_0%5Es%253A/root/web_0/web_9%5Es%253A/root/web_0/web_1%5Es%253A/root/web_0/web_2%5Es%253A/root/web_0/web_3%5Es%253A/root/web_0/web_4%5Es%253A/root/web_0/web_5%5Es%253A/root/web_0/web_6%5Es%253A/root/web_0/web_7%5Es%253A/root/web_0/web_8; ys-modx-file-tree=s%3A/Files; ys-modx-element-tree=a%3As%253A/root%5Es%253A/root/n_category%5Es%253A/root/n_type_template; crbsb.date=2010-09-07; cal_year=2010; cal_month=10; PHPSESSID=s2kann7fa1bjlsrdpqa44vbni6
    [PATH] => C:\Program Files\Common Files\Microsoft Shared\Windows Live;C:\Windows\system32;C:\Windows;C:\Windows\System32\Wbem;C:\Windows\System32\WindowsPowerShell\v1.0\;C:\Program Files\WinSCP\;C:\Program Files\TortoiseHg\;C:\Program Files\TortoiseGit\bin;C:\Program Files\Windows Live\Shared;C:\Program Files\QT Lite\QTSystem;
    [SystemRoot] => C:\Windows
    [COMSPEC] => C:\Windows\system32\cmd.exe
    [PATHEXT] => .COM;.EXE;.BAT;.CMD;.VBS;.VBE;.JS;.JSE;.WSF;.WSH;.MSC
    [WINDIR] => C:\Windows
    [SERVER_SIGNATURE] => <address>Apache/2.2.14 (Win32) DAV/2 mod_autoindex_color PHP/5.3.1 Server at localhost Port 80</address>
  
    [SERVER_SOFTWARE] => Apache/2.2.14 (Win32) DAV/2 mod_autoindex_color PHP/5.3.1
    [SERVER_NAME] => localhost
    [SERVER_ADDR] => 127.0.0.1
    [SERVER_PORT] => 80
    [REMOTE_ADDR] => 127.0.0.1
    [DOCUMENT_ROOT] => C:/xampplite/htdocs
    [SERVER_ADMIN] => postmaster@localhost
    [SCRIPT_FILENAME] => C:/xampplite/htdocs/projects/logintracker3/javascript.php
    [REMOTE_PORT] => 56552
    [GATEWAY_INTERFACE] => CGI/1.1
    [SERVER_PROTOCOL] => HTTP/1.1
    [REQUEST_METHOD] => GET
    [QUERY_STRING] => {empty_string}
    [REQUEST_URI] => /projects/logintracker3/javascript.php
    [SCRIPT_NAME] => /projects/logintracker3/javascript.php
    [PHP_SELF] => /projects/logintracker3/javascript.php
    [REQUEST_TIME] => 1290361626
    [argv] => Array
        (
        )
  
    [argc] => 0
)

$_POST: Array
(
)

$_GET: Array
(
)

$_FILES: Array
(
)

$_SESSION: {null}

$_COOKIE: Array
(
    [exp_last_visit] => 1273421110
    [exp_last_activity] => 1273439565
    [ys-modx-tree-menu] => a:s%3A/n_^s%3A/n_/n_site^s%3A/n_/n_components
    [ys-modx-tree-action] => a:s%3A/n_root_0^s%3A/n_root_0/n_namespace_core
    [ys-modx-package-browser-tree] => a:s%3A/modx-package-browser-tree-root^s%3A/modx-package-browser-tree-root/n_repository_11^s%3A/modx-package-browser-tree-root/n_repository_10
    [ys-modx-leftbar-state] => o:activeTab=n%3A1
    [ys-modx-resource-tree] => a:s%3A/root^s%3A/root/web_0^s%3A/root/web_0/web_9^s%3A/root/web_0/web_1^s%3A/root/web_0/web_2^s%3A/root/web_0/web_3^s%3A/root/web_0/web_4^s%3A/root/web_0/web_5^s%3A/root/web_0/web_6^s%3A/root/web_0/web_7^s%3A/root/web_0/web_8
    [ys-modx-file-tree] => s:/Files
    [ys-modx-element-tree] => a:s%3A/root^s%3A/root/n_category^s%3A/root/n_type_template
    [crbsb_date] => 2010-09-07
    [cal_year] => 2010
    [cal_month] => 10
    [PHPSESSID] => s2kann7fa1bjlsrdpqa44vbni6
)

[localhost] One or more errors or exceptions occured at 2010-11-21 17:47:35

Warning
-------
{doc_root}\projects\logintracker3\javascript.php(35): preg_replace('/\s*/g', '', '/*!
 * jQuery J...')
[internal function]
preg_replace(): Unknown modifier 'g'

Warning
-------
{doc_root}\projects\logintracker3\javascript.php(35): preg_replace('/\s*/g', '', '$(function($) {...')
[internal function]
preg_replace(): Unknown modifier 'g'

Warning
-------
{doc_root}\projects\logintracker3\javascript.php(35): preg_replace('/\s*/g', '', '// name: sammy
...')
[internal function]
preg_replace(): Unknown modifier 'g'

Warning
-------
{doc_root}\projects\logintracker3\javascript.php(35): preg_replace('/\s*/g', '', '(function($) {...')
[internal function]
preg_replace(): Unknown modifier 'g'

Warning
-------
{doc_root}\projects\logintracker3\javascript.php(35): preg_replace('/\s*/g', '', '(function($) {...')
[internal function]
preg_replace(): Unknown modifier 'g'

Warning
-------
{doc_root}\projects\logintracker3\javascript.php(35): preg_replace('/\s*/g', '', '/*
 * jqModal ...')
[internal function]
preg_replace(): Unknown modifier 'g'

Warning
-------
{doc_root}\projects\logintracker3\javascript.php(35): preg_replace('/\s*/g', '', '')
[internal function]
preg_replace(): Unknown modifier 'g'

Context
-------

$_SERVER: Array
(
    [MIBDIRS] => C:/xampplite/php/extras/mibs
    [MYSQL_HOME] => C:\xampplite\mysql\bin
    [OPENSSL_CONF] => C:/xampplite/apache/bin/openssl.cnf
    [PHP_PEAR_SYSCONF_DIR] => C:\xampplite\php
    [PHPRC] => C:\xampplite\php
    [TMP] => C:\xampplite\tmp
    [HTTP_HOST] => localhost
    [HTTP_CONNECTION] => keep-alive
    [HTTP_REFERER] => http://localhost/projects/logintracker3/
    [HTTP_CACHE_CONTROL] => max-age=0
    [HTTP_ACCEPT] => application/xml,application/xhtml+xml,text/html;q=0.9,text/plain;q=0.8,image/png,*/*;q=0.5
    [HTTP_USER_AGENT] => Mozilla/5.0 (Windows; U; Windows NT 6.1; en-US) AppleWebKit/534.7 (KHTML, like Gecko) Chrome/7.0.517.44 Safari/534.7
    [HTTP_ACCEPT_ENCODING] => gzip,deflate,sdch
    [HTTP_ACCEPT_LANGUAGE] => en-GB,en-US;q=0.8,en;q=0.6
    [HTTP_ACCEPT_CHARSET] => ISO-8859-1,utf-8;q=0.7,*;q=0.3
    [HTTP_COOKIE] => exp_last_visit=1273421110; exp_last_activity=1273439565; ys-modx-tree-menu=a%3As%253A/n_%5Es%253A/n_/n_site%5Es%253A/n_/n_components; ys-modx-tree-action=a%3As%253A/n_root_0%5Es%253A/n_root_0/n_namespace_core; ys-modx-package-browser-tree=a%3As%253A/modx-package-browser-tree-root%5Es%253A/modx-package-browser-tree-root/n_repository_11%5Es%253A/modx-package-browser-tree-root/n_repository_10; ys-modx-leftbar-state=o%3AactiveTab%3Dn%253A1; ys-modx-resource-tree=a%3As%253A/root%5Es%253A/root/web_0%5Es%253A/root/web_0/web_9%5Es%253A/root/web_0/web_1%5Es%253A/root/web_0/web_2%5Es%253A/root/web_0/web_3%5Es%253A/root/web_0/web_4%5Es%253A/root/web_0/web_5%5Es%253A/root/web_0/web_6%5Es%253A/root/web_0/web_7%5Es%253A/root/web_0/web_8; ys-modx-file-tree=s%3A/Files; ys-modx-element-tree=a%3As%253A/root%5Es%253A/root/n_category%5Es%253A/root/n_type_template; crbsb.date=2010-09-07; cal_year=2010; cal_month=10; PHPSESSID=s2kann7fa1bjlsrdpqa44vbni6
    [PATH] => C:\Program Files\Common Files\Microsoft Shared\Windows Live;C:\Windows\system32;C:\Windows;C:\Windows\System32\Wbem;C:\Windows\System32\WindowsPowerShell\v1.0\;C:\Program Files\WinSCP\;C:\Program Files\TortoiseHg\;C:\Program Files\TortoiseGit\bin;C:\Program Files\Windows Live\Shared;C:\Program Files\QT Lite\QTSystem;
    [SystemRoot] => C:\Windows
    [COMSPEC] => C:\Windows\system32\cmd.exe
    [PATHEXT] => .COM;.EXE;.BAT;.CMD;.VBS;.VBE;.JS;.JSE;.WSF;.WSH;.MSC
    [WINDIR] => C:\Windows
    [SERVER_SIGNATURE] => <address>Apache/2.2.14 (Win32) DAV/2 mod_autoindex_color PHP/5.3.1 Server at localhost Port 80</address>
  
    [SERVER_SOFTWARE] => Apache/2.2.14 (Win32) DAV/2 mod_autoindex_color PHP/5.3.1
    [SERVER_NAME] => localhost
    [SERVER_ADDR] => 127.0.0.1
    [SERVER_PORT] => 80
    [REMOTE_ADDR] => 127.0.0.1
    [DOCUMENT_ROOT] => C:/xampplite/htdocs
    [SERVER_ADMIN] => postmaster@localhost
    [SCRIPT_FILENAME] => C:/xampplite/htdocs/projects/logintracker3/javascript.php
    [REMOTE_PORT] => 56557
    [GATEWAY_INTERFACE] => CGI/1.1
    [SERVER_PROTOCOL] => HTTP/1.1
    [REQUEST_METHOD] => GET
    [QUERY_STRING] => {empty_string}
    [REQUEST_URI] => /projects/logintracker3/javascript.php
    [SCRIPT_NAME] => /projects/logintracker3/javascript.php
    [PHP_SELF] => /projects/logintracker3/javascript.php
    [REQUEST_TIME] => 1290361655
    [argv] => Array
        (
        )
  
    [argc] => 0
)

$_POST: Array
(
)

$_GET: Array
(
)

$_FILES: Array
(
)

$_SESSION: {null}

$_COOKIE: Array
(
    [exp_last_visit] => 1273421110
    [exp_last_activity] => 1273439565
    [ys-modx-tree-menu] => a:s%3A/n_^s%3A/n_/n_site^s%3A/n_/n_components
    [ys-modx-tree-action] => a:s%3A/n_root_0^s%3A/n_root_0/n_namespace_core
    [ys-modx-package-browser-tree] => a:s%3A/modx-package-browser-tree-root^s%3A/modx-package-browser-tree-root/n_repository_11^s%3A/modx-package-browser-tree-root/n_repository_10
    [ys-modx-leftbar-state] => o:activeTab=n%3A1
    [ys-modx-resource-tree] => a:s%3A/root^s%3A/root/web_0^s%3A/root/web_0/web_9^s%3A/root/web_0/web_1^s%3A/root/web_0/web_2^s%3A/root/web_0/web_3^s%3A/root/web_0/web_4^s%3A/root/web_0/web_5^s%3A/root/web_0/web_6^s%3A/root/web_0/web_7^s%3A/root/web_0/web_8
    [ys-modx-file-tree] => s:/Files
    [ys-modx-element-tree] => a:s%3A/root^s%3A/root/n_category^s%3A/root/n_type_template
    [crbsb_date] => 2010-09-07
    [cal_year] => 2010
    [cal_month] => 10
    [PHPSESSID] => s2kann7fa1bjlsrdpqa44vbni6
)

[localhost] One or more errors or exceptions occured at 2010-11-21 17:48:00

Warning
-------
{doc_root}\projects\logintracker3\javascript.php(35): preg_replace('/\s*/g', '', '/*!
 * jQuery J...')
[internal function]
preg_replace(): Unknown modifier 'g'

Warning
-------
{doc_root}\projects\logintracker3\javascript.php(35): preg_replace('/\s*/g', '', '$(function($) {...')
[internal function]
preg_replace(): Unknown modifier 'g'

Warning
-------
{doc_root}\projects\logintracker3\javascript.php(35): preg_replace('/\s*/g', '', '// name: sammy
...')
[internal function]
preg_replace(): Unknown modifier 'g'

Warning
-------
{doc_root}\projects\logintracker3\javascript.php(35): preg_replace('/\s*/g', '', '(function($) {...')
[internal function]
preg_replace(): Unknown modifier 'g'

Warning
-------
{doc_root}\projects\logintracker3\javascript.php(35): preg_replace('/\s*/g', '', '(function($) {...')
[internal function]
preg_replace(): Unknown modifier 'g'

Warning
-------
{doc_root}\projects\logintracker3\javascript.php(35): preg_replace('/\s*/g', '', '/*
 * jqModal ...')
[internal function]
preg_replace(): Unknown modifier 'g'

Warning
-------
{doc_root}\projects\logintracker3\javascript.php(35): preg_replace('/\s*/g', '', '')
[internal function]
preg_replace(): Unknown modifier 'g'

Context
-------

$_SERVER: Array
(
    [MIBDIRS] => C:/xampplite/php/extras/mibs
    [MYSQL_HOME] => C:\xampplite\mysql\bin
    [OPENSSL_CONF] => C:/xampplite/apache/bin/openssl.cnf
    [PHP_PEAR_SYSCONF_DIR] => C:\xampplite\php
    [PHPRC] => C:\xampplite\php
    [TMP] => C:\xampplite\tmp
    [HTTP_HOST] => localhost
    [HTTP_CONNECTION] => keep-alive
    [HTTP_REFERER] => http://localhost/projects/logintracker3/
    [HTTP_CACHE_CONTROL] => max-age=0
    [HTTP_ACCEPT] => application/xml,application/xhtml+xml,text/html;q=0.9,text/plain;q=0.8,image/png,*/*;q=0.5
    [HTTP_USER_AGENT] => Mozilla/5.0 (Windows; U; Windows NT 6.1; en-US) AppleWebKit/534.7 (KHTML, like Gecko) Chrome/7.0.517.44 Safari/534.7
    [HTTP_ACCEPT_ENCODING] => gzip,deflate,sdch
    [HTTP_ACCEPT_LANGUAGE] => en-GB,en-US;q=0.8,en;q=0.6
    [HTTP_ACCEPT_CHARSET] => ISO-8859-1,utf-8;q=0.7,*;q=0.3
    [HTTP_COOKIE] => exp_last_visit=1273421110; exp_last_activity=1273439565; ys-modx-tree-menu=a%3As%253A/n_%5Es%253A/n_/n_site%5Es%253A/n_/n_components; ys-modx-tree-action=a%3As%253A/n_root_0%5Es%253A/n_root_0/n_namespace_core; ys-modx-package-browser-tree=a%3As%253A/modx-package-browser-tree-root%5Es%253A/modx-package-browser-tree-root/n_repository_11%5Es%253A/modx-package-browser-tree-root/n_repository_10; ys-modx-leftbar-state=o%3AactiveTab%3Dn%253A1; ys-modx-resource-tree=a%3As%253A/root%5Es%253A/root/web_0%5Es%253A/root/web_0/web_9%5Es%253A/root/web_0/web_1%5Es%253A/root/web_0/web_2%5Es%253A/root/web_0/web_3%5Es%253A/root/web_0/web_4%5Es%253A/root/web_0/web_5%5Es%253A/root/web_0/web_6%5Es%253A/root/web_0/web_7%5Es%253A/root/web_0/web_8; ys-modx-file-tree=s%3A/Files; ys-modx-element-tree=a%3As%253A/root%5Es%253A/root/n_category%5Es%253A/root/n_type_template; crbsb.date=2010-09-07; cal_year=2010; cal_month=10; PHPSESSID=s2kann7fa1bjlsrdpqa44vbni6
    [PATH] => C:\Program Files\Common Files\Microsoft Shared\Windows Live;C:\Windows\system32;C:\Windows;C:\Windows\System32\Wbem;C:\Windows\System32\WindowsPowerShell\v1.0\;C:\Program Files\WinSCP\;C:\Program Files\TortoiseHg\;C:\Program Files\TortoiseGit\bin;C:\Program Files\Windows Live\Shared;C:\Program Files\QT Lite\QTSystem;
    [SystemRoot] => C:\Windows
    [COMSPEC] => C:\Windows\system32\cmd.exe
    [PATHEXT] => .COM;.EXE;.BAT;.CMD;.VBS;.VBE;.JS;.JSE;.WSF;.WSH;.MSC
    [WINDIR] => C:\Windows
    [SERVER_SIGNATURE] => <address>Apache/2.2.14 (Win32) DAV/2 mod_autoindex_color PHP/5.3.1 Server at localhost Port 80</address>
  
    [SERVER_SOFTWARE] => Apache/2.2.14 (Win32) DAV/2 mod_autoindex_color PHP/5.3.1
    [SERVER_NAME] => localhost
    [SERVER_ADDR] => 127.0.0.1
    [SERVER_PORT] => 80
    [REMOTE_ADDR] => 127.0.0.1
    [DOCUMENT_ROOT] => C:/xampplite/htdocs
    [SERVER_ADMIN] => postmaster@localhost
    [SCRIPT_FILENAME] => C:/xampplite/htdocs/projects/logintracker3/javascript.php
    [REMOTE_PORT] => 56564
    [GATEWAY_INTERFACE] => CGI/1.1
    [SERVER_PROTOCOL] => HTTP/1.1
    [REQUEST_METHOD] => GET
    [QUERY_STRING] => {empty_string}
    [REQUEST_URI] => /projects/logintracker3/javascript.php
    [SCRIPT_NAME] => /projects/logintracker3/javascript.php
    [PHP_SELF] => /projects/logintracker3/javascript.php
    [REQUEST_TIME] => 1290361680
    [argv] => Array
        (
        )
  
    [argc] => 0
)

$_POST: Array
(
)

$_GET: Array
(
)

$_FILES: Array
(
)

$_SESSION: {null}

$_COOKIE: Array
(
    [exp_last_visit] => 1273421110
    [exp_last_activity] => 1273439565
    [ys-modx-tree-menu] => a:s%3A/n_^s%3A/n_/n_site^s%3A/n_/n_components
    [ys-modx-tree-action] => a:s%3A/n_root_0^s%3A/n_root_0/n_namespace_core
    [ys-modx-package-browser-tree] => a:s%3A/modx-package-browser-tree-root^s%3A/modx-package-browser-tree-root/n_repository_11^s%3A/modx-package-browser-tree-root/n_repository_10
    [ys-modx-leftbar-state] => o:activeTab=n%3A1
    [ys-modx-resource-tree] => a:s%3A/root^s%3A/root/web_0^s%3A/root/web_0/web_9^s%3A/root/web_0/web_1^s%3A/root/web_0/web_2^s%3A/root/web_0/web_3^s%3A/root/web_0/web_4^s%3A/root/web_0/web_5^s%3A/root/web_0/web_6^s%3A/root/web_0/web_7^s%3A/root/web_0/web_8
    [ys-modx-file-tree] => s:/Files
    [ys-modx-element-tree] => a:s%3A/root^s%3A/root/n_category^s%3A/root/n_type_template
    [crbsb_date] => 2010-09-07
    [cal_year] => 2010
    [cal_month] => 10
    [PHPSESSID] => s2kann7fa1bjlsrdpqa44vbni6
)

[localhost] One or more errors or exceptions occured at 2010-11-21 17:48:03

Warning
-------
{doc_root}\projects\logintracker3\javascript.php(35): preg_replace('/\s/g', '', '/*!
 * jQuery J...')
[internal function]
preg_replace(): Unknown modifier 'g'

Warning
-------
{doc_root}\projects\logintracker3\javascript.php(35): preg_replace('/\s/g', '', '$(function($) {...')
[internal function]
preg_replace(): Unknown modifier 'g'

Warning
-------
{doc_root}\projects\logintracker3\javascript.php(35): preg_replace('/\s/g', '', '// name: sammy
...')
[internal function]
preg_replace(): Unknown modifier 'g'

Warning
-------
{doc_root}\projects\logintracker3\javascript.php(35): preg_replace('/\s/g', '', '(function($) {...')
[internal function]
preg_replace(): Unknown modifier 'g'

Warning
-------
{doc_root}\projects\logintracker3\javascript.php(35): preg_replace('/\s/g', '', '(function($) {...')
[internal function]
preg_replace(): Unknown modifier 'g'

Warning
-------
{doc_root}\projects\logintracker3\javascript.php(35): preg_replace('/\s/g', '', '/*
 * jqModal ...')
[internal function]
preg_replace(): Unknown modifier 'g'

Warning
-------
{doc_root}\projects\logintracker3\javascript.php(35): preg_replace('/\s/g', '', '')
[internal function]
preg_replace(): Unknown modifier 'g'

Context
-------

$_SERVER: Array
(
    [MIBDIRS] => C:/xampplite/php/extras/mibs
    [MYSQL_HOME] => C:\xampplite\mysql\bin
    [OPENSSL_CONF] => C:/xampplite/apache/bin/openssl.cnf
    [PHP_PEAR_SYSCONF_DIR] => C:\xampplite\php
    [PHPRC] => C:\xampplite\php
    [TMP] => C:\xampplite\tmp
    [HTTP_HOST] => localhost
    [HTTP_CONNECTION] => keep-alive
    [HTTP_REFERER] => http://localhost/projects/logintracker3/
    [HTTP_CACHE_CONTROL] => max-age=0
    [HTTP_ACCEPT] => application/xml,application/xhtml+xml,text/html;q=0.9,text/plain;q=0.8,image/png,*/*;q=0.5
    [HTTP_USER_AGENT] => Mozilla/5.0 (Windows; U; Windows NT 6.1; en-US) AppleWebKit/534.7 (KHTML, like Gecko) Chrome/7.0.517.44 Safari/534.7
    [HTTP_ACCEPT_ENCODING] => gzip,deflate,sdch
    [HTTP_ACCEPT_LANGUAGE] => en-GB,en-US;q=0.8,en;q=0.6
    [HTTP_ACCEPT_CHARSET] => ISO-8859-1,utf-8;q=0.7,*;q=0.3
    [HTTP_COOKIE] => exp_last_visit=1273421110; exp_last_activity=1273439565; ys-modx-tree-menu=a%3As%253A/n_%5Es%253A/n_/n_site%5Es%253A/n_/n_components; ys-modx-tree-action=a%3As%253A/n_root_0%5Es%253A/n_root_0/n_namespace_core; ys-modx-package-browser-tree=a%3As%253A/modx-package-browser-tree-root%5Es%253A/modx-package-browser-tree-root/n_repository_11%5Es%253A/modx-package-browser-tree-root/n_repository_10; ys-modx-leftbar-state=o%3AactiveTab%3Dn%253A1; ys-modx-resource-tree=a%3As%253A/root%5Es%253A/root/web_0%5Es%253A/root/web_0/web_9%5Es%253A/root/web_0/web_1%5Es%253A/root/web_0/web_2%5Es%253A/root/web_0/web_3%5Es%253A/root/web_0/web_4%5Es%253A/root/web_0/web_5%5Es%253A/root/web_0/web_6%5Es%253A/root/web_0/web_7%5Es%253A/root/web_0/web_8; ys-modx-file-tree=s%3A/Files; ys-modx-element-tree=a%3As%253A/root%5Es%253A/root/n_category%5Es%253A/root/n_type_template; crbsb.date=2010-09-07; cal_year=2010; cal_month=10; PHPSESSID=s2kann7fa1bjlsrdpqa44vbni6
    [PATH] => C:\Program Files\Common Files\Microsoft Shared\Windows Live;C:\Windows\system32;C:\Windows;C:\Windows\System32\Wbem;C:\Windows\System32\WindowsPowerShell\v1.0\;C:\Program Files\WinSCP\;C:\Program Files\TortoiseHg\;C:\Program Files\TortoiseGit\bin;C:\Program Files\Windows Live\Shared;C:\Program Files\QT Lite\QTSystem;
    [SystemRoot] => C:\Windows
    [COMSPEC] => C:\Windows\system32\cmd.exe
    [PATHEXT] => .COM;.EXE;.BAT;.CMD;.VBS;.VBE;.JS;.JSE;.WSF;.WSH;.MSC
    [WINDIR] => C:\Windows
    [SERVER_SIGNATURE] => <address>Apache/2.2.14 (Win32) DAV/2 mod_autoindex_color PHP/5.3.1 Server at localhost Port 80</address>
  
    [SERVER_SOFTWARE] => Apache/2.2.14 (Win32) DAV/2 mod_autoindex_color PHP/5.3.1
    [SERVER_NAME] => localhost
    [SERVER_ADDR] => 127.0.0.1
    [SERVER_PORT] => 80
    [REMOTE_ADDR] => 127.0.0.1
    [DOCUMENT_ROOT] => C:/xampplite/htdocs
    [SERVER_ADMIN] => postmaster@localhost
    [SCRIPT_FILENAME] => C:/xampplite/htdocs/projects/logintracker3/javascript.php
    [REMOTE_PORT] => 56564
    [GATEWAY_INTERFACE] => CGI/1.1
    [SERVER_PROTOCOL] => HTTP/1.1
    [REQUEST_METHOD] => GET
    [QUERY_STRING] => {empty_string}
    [REQUEST_URI] => /projects/logintracker3/javascript.php
    [SCRIPT_NAME] => /projects/logintracker3/javascript.php
    [PHP_SELF] => /projects/logintracker3/javascript.php
    [REQUEST_TIME] => 1290361683
    [argv] => Array
        (
        )
  
    [argc] => 0
)

$_POST: Array
(
)

$_GET: Array
(
)

$_FILES: Array
(
)

$_SESSION: {null}

$_COOKIE: Array
(
    [exp_last_visit] => 1273421110
    [exp_last_activity] => 1273439565
    [ys-modx-tree-menu] => a:s%3A/n_^s%3A/n_/n_site^s%3A/n_/n_components
    [ys-modx-tree-action] => a:s%3A/n_root_0^s%3A/n_root_0/n_namespace_core
    [ys-modx-package-browser-tree] => a:s%3A/modx-package-browser-tree-root^s%3A/modx-package-browser-tree-root/n_repository_11^s%3A/modx-package-browser-tree-root/n_repository_10
    [ys-modx-leftbar-state] => o:activeTab=n%3A1
    [ys-modx-resource-tree] => a:s%3A/root^s%3A/root/web_0^s%3A/root/web_0/web_9^s%3A/root/web_0/web_1^s%3A/root/web_0/web_2^s%3A/root/web_0/web_3^s%3A/root/web_0/web_4^s%3A/root/web_0/web_5^s%3A/root/web_0/web_6^s%3A/root/web_0/web_7^s%3A/root/web_0/web_8
    [ys-modx-file-tree] => s:/Files
    [ys-modx-element-tree] => a:s%3A/root^s%3A/root/n_category^s%3A/root/n_type_template
    [crbsb_date] => 2010-09-07
    [cal_year] => 2010
    [cal_month] => 10
    [PHPSESSID] => s2kann7fa1bjlsrdpqa44vbni6
)

[localhost] One or more errors or exceptions occured at 2010-11-21 17:48:04

Warning
-------
{doc_root}\projects\logintracker3\javascript.php(35): preg_replace('/\s/g', '', '/*!
 * jQuery J...')
[internal function]
preg_replace(): Unknown modifier 'g'

Warning
-------
{doc_root}\projects\logintracker3\javascript.php(35): preg_replace('/\s/g', '', '$(function($) {...')
[internal function]
preg_replace(): Unknown modifier 'g'

Warning
-------
{doc_root}\projects\logintracker3\javascript.php(35): preg_replace('/\s/g', '', '// name: sammy
...')
[internal function]
preg_replace(): Unknown modifier 'g'

Warning
-------
{doc_root}\projects\logintracker3\javascript.php(35): preg_replace('/\s/g', '', '(function($) {...')
[internal function]
preg_replace(): Unknown modifier 'g'

Warning
-------
{doc_root}\projects\logintracker3\javascript.php(35): preg_replace('/\s/g', '', '(function($) {...')
[internal function]
preg_replace(): Unknown modifier 'g'

Warning
-------
{doc_root}\projects\logintracker3\javascript.php(35): preg_replace('/\s/g', '', '/*
 * jqModal ...')
[internal function]
preg_replace(): Unknown modifier 'g'

Warning
-------
{doc_root}\projects\logintracker3\javascript.php(35): preg_replace('/\s/g', '', '')
[internal function]
preg_replace(): Unknown modifier 'g'

Context
-------

$_SERVER: Array
(
    [MIBDIRS] => C:/xampplite/php/extras/mibs
    [MYSQL_HOME] => C:\xampplite\mysql\bin
    [OPENSSL_CONF] => C:/xampplite/apache/bin/openssl.cnf
    [PHP_PEAR_SYSCONF_DIR] => C:\xampplite\php
    [PHPRC] => C:\xampplite\php
    [TMP] => C:\xampplite\tmp
    [HTTP_HOST] => localhost
    [HTTP_CONNECTION] => keep-alive
    [HTTP_REFERER] => http://localhost/projects/logintracker3/
    [HTTP_CACHE_CONTROL] => max-age=0
    [HTTP_ACCEPT] => application/xml,application/xhtml+xml,text/html;q=0.9,text/plain;q=0.8,image/png,*/*;q=0.5
    [HTTP_USER_AGENT] => Mozilla/5.0 (Windows; U; Windows NT 6.1; en-US) AppleWebKit/534.7 (KHTML, like Gecko) Chrome/7.0.517.44 Safari/534.7
    [HTTP_ACCEPT_ENCODING] => gzip,deflate,sdch
    [HTTP_ACCEPT_LANGUAGE] => en-GB,en-US;q=0.8,en;q=0.6
    [HTTP_ACCEPT_CHARSET] => ISO-8859-1,utf-8;q=0.7,*;q=0.3
    [HTTP_COOKIE] => exp_last_visit=1273421110; exp_last_activity=1273439565; ys-modx-tree-menu=a%3As%253A/n_%5Es%253A/n_/n_site%5Es%253A/n_/n_components; ys-modx-tree-action=a%3As%253A/n_root_0%5Es%253A/n_root_0/n_namespace_core; ys-modx-package-browser-tree=a%3As%253A/modx-package-browser-tree-root%5Es%253A/modx-package-browser-tree-root/n_repository_11%5Es%253A/modx-package-browser-tree-root/n_repository_10; ys-modx-leftbar-state=o%3AactiveTab%3Dn%253A1; ys-modx-resource-tree=a%3As%253A/root%5Es%253A/root/web_0%5Es%253A/root/web_0/web_9%5Es%253A/root/web_0/web_1%5Es%253A/root/web_0/web_2%5Es%253A/root/web_0/web_3%5Es%253A/root/web_0/web_4%5Es%253A/root/web_0/web_5%5Es%253A/root/web_0/web_6%5Es%253A/root/web_0/web_7%5Es%253A/root/web_0/web_8; ys-modx-file-tree=s%3A/Files; ys-modx-element-tree=a%3As%253A/root%5Es%253A/root/n_category%5Es%253A/root/n_type_template; crbsb.date=2010-09-07; cal_year=2010; cal_month=10; PHPSESSID=s2kann7fa1bjlsrdpqa44vbni6
    [PATH] => C:\Program Files\Common Files\Microsoft Shared\Windows Live;C:\Windows\system32;C:\Windows;C:\Windows\System32\Wbem;C:\Windows\System32\WindowsPowerShell\v1.0\;C:\Program Files\WinSCP\;C:\Program Files\TortoiseHg\;C:\Program Files\TortoiseGit\bin;C:\Program Files\Windows Live\Shared;C:\Program Files\QT Lite\QTSystem;
    [SystemRoot] => C:\Windows
    [COMSPEC] => C:\Windows\system32\cmd.exe
    [PATHEXT] => .COM;.EXE;.BAT;.CMD;.VBS;.VBE;.JS;.JSE;.WSF;.WSH;.MSC
    [WINDIR] => C:\Windows
    [SERVER_SIGNATURE] => <address>Apache/2.2.14 (Win32) DAV/2 mod_autoindex_color PHP/5.3.1 Server at localhost Port 80</address>
  
    [SERVER_SOFTWARE] => Apache/2.2.14 (Win32) DAV/2 mod_autoindex_color PHP/5.3.1
    [SERVER_NAME] => localhost
    [SERVER_ADDR] => 127.0.0.1
    [SERVER_PORT] => 80
    [REMOTE_ADDR] => 127.0.0.1
    [DOCUMENT_ROOT] => C:/xampplite/htdocs
    [SERVER_ADMIN] => postmaster@localhost
    [SCRIPT_FILENAME] => C:/xampplite/htdocs/projects/logintracker3/javascript.php
    [REMOTE_PORT] => 56564
    [GATEWAY_INTERFACE] => CGI/1.1
    [SERVER_PROTOCOL] => HTTP/1.1
    [REQUEST_METHOD] => GET
    [QUERY_STRING] => {empty_string}
    [REQUEST_URI] => /projects/logintracker3/javascript.php
    [SCRIPT_NAME] => /projects/logintracker3/javascript.php
    [PHP_SELF] => /projects/logintracker3/javascript.php
    [REQUEST_TIME] => 1290361684
    [argv] => Array
        (
        )
  
    [argc] => 0
)

$_POST: Array
(
)

$_GET: Array
(
)

$_FILES: Array
(
)

$_SESSION: {null}

$_COOKIE: Array
(
    [exp_last_visit] => 1273421110
    [exp_last_activity] => 1273439565
    [ys-modx-tree-menu] => a:s%3A/n_^s%3A/n_/n_site^s%3A/n_/n_components
    [ys-modx-tree-action] => a:s%3A/n_root_0^s%3A/n_root_0/n_namespace_core
    [ys-modx-package-browser-tree] => a:s%3A/modx-package-browser-tree-root^s%3A/modx-package-browser-tree-root/n_repository_11^s%3A/modx-package-browser-tree-root/n_repository_10
    [ys-modx-leftbar-state] => o:activeTab=n%3A1
    [ys-modx-resource-tree] => a:s%3A/root^s%3A/root/web_0^s%3A/root/web_0/web_9^s%3A/root/web_0/web_1^s%3A/root/web_0/web_2^s%3A/root/web_0/web_3^s%3A/root/web_0/web_4^s%3A/root/web_0/web_5^s%3A/root/web_0/web_6^s%3A/root/web_0/web_7^s%3A/root/web_0/web_8
    [ys-modx-file-tree] => s:/Files
    [ys-modx-element-tree] => a:s%3A/root^s%3A/root/n_category^s%3A/root/n_type_template
    [crbsb_date] => 2010-09-07
    [cal_year] => 2010
    [cal_month] => 10
    [PHPSESSID] => s2kann7fa1bjlsrdpqa44vbni6
)

[localhost] One or more errors or exceptions occured at 2010-11-21 17:48:45

Warning
-------
{doc_root}\projects\logintracker3\javascript.php(35): preg_replace('/\r/g', '', '/*!
 * jQuery J...')
[internal function]
preg_replace(): Unknown modifier 'g'

Warning
-------
{doc_root}\projects\logintracker3\javascript.php(35): preg_replace('/\r/g', '', '$(function($) {...')
[internal function]
preg_replace(): Unknown modifier 'g'

Warning
-------
{doc_root}\projects\logintracker3\javascript.php(35): preg_replace('/\r/g', '', '// name: sammy
...')
[internal function]
preg_replace(): Unknown modifier 'g'

Warning
-------
{doc_root}\projects\logintracker3\javascript.php(35): preg_replace('/\r/g', '', '(function($) {...')
[internal function]
preg_replace(): Unknown modifier 'g'

Warning
-------
{doc_root}\projects\logintracker3\javascript.php(35): preg_replace('/\r/g', '', '(function($) {...')
[internal function]
preg_replace(): Unknown modifier 'g'

Warning
-------
{doc_root}\projects\logintracker3\javascript.php(35): preg_replace('/\r/g', '', '/*
 * jqModal ...')
[internal function]
preg_replace(): Unknown modifier 'g'

Warning
-------
{doc_root}\projects\logintracker3\javascript.php(35): preg_replace('/\r/g', '', '')
[internal function]
preg_replace(): Unknown modifier 'g'

Context
-------

$_SERVER: Array
(
    [MIBDIRS] => C:/xampplite/php/extras/mibs
    [MYSQL_HOME] => C:\xampplite\mysql\bin
    [OPENSSL_CONF] => C:/xampplite/apache/bin/openssl.cnf
    [PHP_PEAR_SYSCONF_DIR] => C:\xampplite\php
    [PHPRC] => C:\xampplite\php
    [TMP] => C:\xampplite\tmp
    [HTTP_HOST] => localhost
    [HTTP_CONNECTION] => keep-alive
    [HTTP_REFERER] => http://localhost/projects/logintracker3/
    [HTTP_CACHE_CONTROL] => max-age=0
    [HTTP_ACCEPT] => application/xml,application/xhtml+xml,text/html;q=0.9,text/plain;q=0.8,image/png,*/*;q=0.5
    [HTTP_USER_AGENT] => Mozilla/5.0 (Windows; U; Windows NT 6.1; en-US) AppleWebKit/534.7 (KHTML, like Gecko) Chrome/7.0.517.44 Safari/534.7
    [HTTP_ACCEPT_ENCODING] => gzip,deflate,sdch
    [HTTP_ACCEPT_LANGUAGE] => en-GB,en-US;q=0.8,en;q=0.6
    [HTTP_ACCEPT_CHARSET] => ISO-8859-1,utf-8;q=0.7,*;q=0.3
    [HTTP_COOKIE] => exp_last_visit=1273421110; exp_last_activity=1273439565; ys-modx-tree-menu=a%3As%253A/n_%5Es%253A/n_/n_site%5Es%253A/n_/n_components; ys-modx-tree-action=a%3As%253A/n_root_0%5Es%253A/n_root_0/n_namespace_core; ys-modx-package-browser-tree=a%3As%253A/modx-package-browser-tree-root%5Es%253A/modx-package-browser-tree-root/n_repository_11%5Es%253A/modx-package-browser-tree-root/n_repository_10; ys-modx-leftbar-state=o%3AactiveTab%3Dn%253A1; ys-modx-resource-tree=a%3As%253A/root%5Es%253A/root/web_0%5Es%253A/root/web_0/web_9%5Es%253A/root/web_0/web_1%5Es%253A/root/web_0/web_2%5Es%253A/root/web_0/web_3%5Es%253A/root/web_0/web_4%5Es%253A/root/web_0/web_5%5Es%253A/root/web_0/web_6%5Es%253A/root/web_0/web_7%5Es%253A/root/web_0/web_8; ys-modx-file-tree=s%3A/Files; ys-modx-element-tree=a%3As%253A/root%5Es%253A/root/n_category%5Es%253A/root/n_type_template; crbsb.date=2010-09-07; cal_year=2010; cal_month=10; PHPSESSID=s2kann7fa1bjlsrdpqa44vbni6
    [PATH] => C:\Program Files\Common Files\Microsoft Shared\Windows Live;C:\Windows\system32;C:\Windows;C:\Windows\System32\Wbem;C:\Windows\System32\WindowsPowerShell\v1.0\;C:\Program Files\WinSCP\;C:\Program Files\TortoiseHg\;C:\Program Files\TortoiseGit\bin;C:\Program Files\Windows Live\Shared;C:\Program Files\QT Lite\QTSystem;
    [SystemRoot] => C:\Windows
    [COMSPEC] => C:\Windows\system32\cmd.exe
    [PATHEXT] => .COM;.EXE;.BAT;.CMD;.VBS;.VBE;.JS;.JSE;.WSF;.WSH;.MSC
    [WINDIR] => C:\Windows
    [SERVER_SIGNATURE] => <address>Apache/2.2.14 (Win32) DAV/2 mod_autoindex_color PHP/5.3.1 Server at localhost Port 80</address>
  
    [SERVER_SOFTWARE] => Apache/2.2.14 (Win32) DAV/2 mod_autoindex_color PHP/5.3.1
    [SERVER_NAME] => localhost
    [SERVER_ADDR] => 127.0.0.1
    [SERVER_PORT] => 80
    [REMOTE_ADDR] => 127.0.0.1
    [DOCUMENT_ROOT] => C:/xampplite/htdocs
    [SERVER_ADMIN] => postmaster@localhost
    [SCRIPT_FILENAME] => C:/xampplite/htdocs/projects/logintracker3/javascript.php
    [REMOTE_PORT] => 56571
    [GATEWAY_INTERFACE] => CGI/1.1
    [SERVER_PROTOCOL] => HTTP/1.1
    [REQUEST_METHOD] => GET
    [QUERY_STRING] => {empty_string}
    [REQUEST_URI] => /projects/logintracker3/javascript.php
    [SCRIPT_NAME] => /projects/logintracker3/javascript.php
    [PHP_SELF] => /projects/logintracker3/javascript.php
    [REQUEST_TIME] => 1290361725
    [argv] => Array
        (
        )
  
    [argc] => 0
)

$_POST: Array
(
)

$_GET: Array
(
)

$_FILES: Array
(
)

$_SESSION: {null}

$_COOKIE: Array
(
    [exp_last_visit] => 1273421110
    [exp_last_activity] => 1273439565
    [ys-modx-tree-menu] => a:s%3A/n_^s%3A/n_/n_site^s%3A/n_/n_components
    [ys-modx-tree-action] => a:s%3A/n_root_0^s%3A/n_root_0/n_namespace_core
    [ys-modx-package-browser-tree] => a:s%3A/modx-package-browser-tree-root^s%3A/modx-package-browser-tree-root/n_repository_11^s%3A/modx-package-browser-tree-root/n_repository_10
    [ys-modx-leftbar-state] => o:activeTab=n%3A1
    [ys-modx-resource-tree] => a:s%3A/root^s%3A/root/web_0^s%3A/root/web_0/web_9^s%3A/root/web_0/web_1^s%3A/root/web_0/web_2^s%3A/root/web_0/web_3^s%3A/root/web_0/web_4^s%3A/root/web_0/web_5^s%3A/root/web_0/web_6^s%3A/root/web_0/web_7^s%3A/root/web_0/web_8
    [ys-modx-file-tree] => s:/Files
    [ys-modx-element-tree] => a:s%3A/root^s%3A/root/n_category^s%3A/root/n_type_template
    [crbsb_date] => 2010-09-07
    [cal_year] => 2010
    [cal_month] => 10
    [PHPSESSID] => s2kann7fa1bjlsrdpqa44vbni6
)

[localhost] One or more errors or exceptions occured at 2010-11-21 18:07:46

Notice
------
{doc_root}\projects\logintracker3\index.php(6): define('URL_ROOT', 'x')
[internal function]
Constant URL_ROOT already defined

Context
-------

$_SERVER: Array
(
    [MIBDIRS] => C:/xampplite/php/extras/mibs
    [MYSQL_HOME] => C:\xampplite\mysql\bin
    [OPENSSL_CONF] => C:/xampplite/apache/bin/openssl.cnf
    [PHP_PEAR_SYSCONF_DIR] => C:\xampplite\php
    [PHPRC] => C:\xampplite\php
    [TMP] => C:\xampplite\tmp
    [HTTP_HOST] => localhost
    [HTTP_CONNECTION] => keep-alive
    [HTTP_REFERER] => http://localhost/projects/
    [HTTP_CACHE_CONTROL] => max-age=0
    [HTTP_ACCEPT] => application/xml,application/xhtml+xml,text/html;q=0.9,text/plain;q=0.8,image/png,*/*;q=0.5
    [HTTP_USER_AGENT] => Mozilla/5.0 (Windows; U; Windows NT 6.1; en-US) AppleWebKit/534.7 (KHTML, like Gecko) Chrome/7.0.517.44 Safari/534.7
    [HTTP_ACCEPT_ENCODING] => gzip,deflate,sdch
    [HTTP_ACCEPT_LANGUAGE] => en-GB,en-US;q=0.8,en;q=0.6
    [HTTP_ACCEPT_CHARSET] => ISO-8859-1,utf-8;q=0.7,*;q=0.3
    [HTTP_COOKIE] => exp_last_visit=1273421110; exp_last_activity=1273439565; ys-modx-tree-menu=a%3As%253A/n_%5Es%253A/n_/n_site%5Es%253A/n_/n_components; ys-modx-tree-action=a%3As%253A/n_root_0%5Es%253A/n_root_0/n_namespace_core; ys-modx-package-browser-tree=a%3As%253A/modx-package-browser-tree-root%5Es%253A/modx-package-browser-tree-root/n_repository_11%5Es%253A/modx-package-browser-tree-root/n_repository_10; ys-modx-leftbar-state=o%3AactiveTab%3Dn%253A1; ys-modx-resource-tree=a%3As%253A/root%5Es%253A/root/web_0%5Es%253A/root/web_0/web_9%5Es%253A/root/web_0/web_1%5Es%253A/root/web_0/web_2%5Es%253A/root/web_0/web_3%5Es%253A/root/web_0/web_4%5Es%253A/root/web_0/web_5%5Es%253A/root/web_0/web_6%5Es%253A/root/web_0/web_7%5Es%253A/root/web_0/web_8; ys-modx-file-tree=s%3A/Files; ys-modx-element-tree=a%3As%253A/root%5Es%253A/root/n_category%5Es%253A/root/n_type_template; crbsb.date=2010-09-07; cal_year=2010; cal_month=10; PHPSESSID=s2kann7fa1bjlsrdpqa44vbni6
    [PATH] => C:\Program Files\Common Files\Microsoft Shared\Windows Live;C:\Windows\system32;C:\Windows;C:\Windows\System32\Wbem;C:\Windows\System32\WindowsPowerShell\v1.0\;C:\Program Files\WinSCP\;C:\Program Files\TortoiseHg\;C:\Program Files\TortoiseGit\bin;C:\Program Files\Windows Live\Shared;C:\Program Files\QT Lite\QTSystem;
    [SystemRoot] => C:\Windows
    [COMSPEC] => C:\Windows\system32\cmd.exe
    [PATHEXT] => .COM;.EXE;.BAT;.CMD;.VBS;.VBE;.JS;.JSE;.WSF;.WSH;.MSC
    [WINDIR] => C:\Windows
    [SERVER_SIGNATURE] => <address>Apache/2.2.14 (Win32) DAV/2 mod_autoindex_color PHP/5.3.1 Server at localhost Port 80</address>
  
    [SERVER_SOFTWARE] => Apache/2.2.14 (Win32) DAV/2 mod_autoindex_color PHP/5.3.1
    [SERVER_NAME] => localhost
    [SERVER_ADDR] => 127.0.0.1
    [SERVER_PORT] => 80
    [REMOTE_ADDR] => 127.0.0.1
    [DOCUMENT_ROOT] => C:/xampplite/htdocs
    [SERVER_ADMIN] => postmaster@localhost
    [SCRIPT_FILENAME] => C:/xampplite/htdocs/projects/logintracker3/index.php
    [REMOTE_PORT] => 56750
    [GATEWAY_INTERFACE] => CGI/1.1
    [SERVER_PROTOCOL] => HTTP/1.1
    [REQUEST_METHOD] => GET
    [QUERY_STRING] => {empty_string}
    [REQUEST_URI] => /projects/logintracker3/
    [SCRIPT_NAME] => /projects/logintracker3/index.php
    [PHP_SELF] => /projects/logintracker3/index.php
    [REQUEST_TIME] => 1290362866
    [argv] => Array
        (
        )
  
    [argc] => 0
)

$_POST: Array
(
)

$_GET: Array
(
)

$_FILES: Array
(
)

$_SESSION: {null}

$_COOKIE: Array
(
    [exp_last_visit] => 1273421110
    [exp_last_activity] => 1273439565
    [ys-modx-tree-menu] => a:s%3A/n_^s%3A/n_/n_site^s%3A/n_/n_components
    [ys-modx-tree-action] => a:s%3A/n_root_0^s%3A/n_root_0/n_namespace_core
    [ys-modx-package-browser-tree] => a:s%3A/modx-package-browser-tree-root^s%3A/modx-package-browser-tree-root/n_repository_11^s%3A/modx-package-browser-tree-root/n_repository_10
    [ys-modx-leftbar-state] => o:activeTab=n%3A1
    [ys-modx-resource-tree] => a:s%3A/root^s%3A/root/web_0^s%3A/root/web_0/web_9^s%3A/root/web_0/web_1^s%3A/root/web_0/web_2^s%3A/root/web_0/web_3^s%3A/root/web_0/web_4^s%3A/root/web_0/web_5^s%3A/root/web_0/web_6^s%3A/root/web_0/web_7^s%3A/root/web_0/web_8
    [ys-modx-file-tree] => s:/Files
    [ys-modx-element-tree] => a:s%3A/root^s%3A/root/n_category^s%3A/root/n_type_template
    [crbsb_date] => 2010-09-07
    [cal_year] => 2010
    [cal_month] => 10
    [PHPSESSID] => s2kann7fa1bjlsrdpqa44vbni6
)

[localhost] One or more errors or exceptions occured at 2010-11-21 18:08:50

Warning
-------
{doc_root}\projects\logintracker3\index.php(5): preg_replace('api/', '', '/projects/login...')
[internal function]
preg_replace(): Delimiter must not be alphanumeric or backslash

Context
-------

$_SERVER: Array
(
    [MIBDIRS] => C:/xampplite/php/extras/mibs
    [MYSQL_HOME] => C:\xampplite\mysql\bin
    [OPENSSL_CONF] => C:/xampplite/apache/bin/openssl.cnf
    [PHP_PEAR_SYSCONF_DIR] => C:\xampplite\php
    [PHPRC] => C:\xampplite\php
    [TMP] => C:\xampplite\tmp
    [HTTP_HOST] => localhost
    [HTTP_CONNECTION] => keep-alive
    [HTTP_REFERER] => http://localhost/projects/
    [HTTP_CACHE_CONTROL] => max-age=0
    [HTTP_ACCEPT] => application/xml,application/xhtml+xml,text/html;q=0.9,text/plain;q=0.8,image/png,*/*;q=0.5
    [HTTP_USER_AGENT] => Mozilla/5.0 (Windows; U; Windows NT 6.1; en-US) AppleWebKit/534.7 (KHTML, like Gecko) Chrome/7.0.517.44 Safari/534.7
    [HTTP_ACCEPT_ENCODING] => gzip,deflate,sdch
    [HTTP_ACCEPT_LANGUAGE] => en-GB,en-US;q=0.8,en;q=0.6
    [HTTP_ACCEPT_CHARSET] => ISO-8859-1,utf-8;q=0.7,*;q=0.3
    [HTTP_COOKIE] => exp_last_visit=1273421110; exp_last_activity=1273439565; ys-modx-tree-menu=a%3As%253A/n_%5Es%253A/n_/n_site%5Es%253A/n_/n_components; ys-modx-tree-action=a%3As%253A/n_root_0%5Es%253A/n_root_0/n_namespace_core; ys-modx-package-browser-tree=a%3As%253A/modx-package-browser-tree-root%5Es%253A/modx-package-browser-tree-root/n_repository_11%5Es%253A/modx-package-browser-tree-root/n_repository_10; ys-modx-leftbar-state=o%3AactiveTab%3Dn%253A1; ys-modx-resource-tree=a%3As%253A/root%5Es%253A/root/web_0%5Es%253A/root/web_0/web_9%5Es%253A/root/web_0/web_1%5Es%253A/root/web_0/web_2%5Es%253A/root/web_0/web_3%5Es%253A/root/web_0/web_4%5Es%253A/root/web_0/web_5%5Es%253A/root/web_0/web_6%5Es%253A/root/web_0/web_7%5Es%253A/root/web_0/web_8; ys-modx-file-tree=s%3A/Files; ys-modx-element-tree=a%3As%253A/root%5Es%253A/root/n_category%5Es%253A/root/n_type_template; crbsb.date=2010-09-07; cal_year=2010; cal_month=10; PHPSESSID=s2kann7fa1bjlsrdpqa44vbni6
    [PATH] => C:\Program Files\Common Files\Microsoft Shared\Windows Live;C:\Windows\system32;C:\Windows;C:\Windows\System32\Wbem;C:\Windows\System32\WindowsPowerShell\v1.0\;C:\Program Files\WinSCP\;C:\Program Files\TortoiseHg\;C:\Program Files\TortoiseGit\bin;C:\Program Files\Windows Live\Shared;C:\Program Files\QT Lite\QTSystem;
    [SystemRoot] => C:\Windows
    [COMSPEC] => C:\Windows\system32\cmd.exe
    [PATHEXT] => .COM;.EXE;.BAT;.CMD;.VBS;.VBE;.JS;.JSE;.WSF;.WSH;.MSC
    [WINDIR] => C:\Windows
    [SERVER_SIGNATURE] => <address>Apache/2.2.14 (Win32) DAV/2 mod_autoindex_color PHP/5.3.1 Server at localhost Port 80</address>
  
    [SERVER_SOFTWARE] => Apache/2.2.14 (Win32) DAV/2 mod_autoindex_color PHP/5.3.1
    [SERVER_NAME] => localhost
    [SERVER_ADDR] => 127.0.0.1
    [SERVER_PORT] => 80
    [REMOTE_ADDR] => 127.0.0.1
    [DOCUMENT_ROOT] => C:/xampplite/htdocs
    [SERVER_ADMIN] => postmaster@localhost
    [SCRIPT_FILENAME] => C:/xampplite/htdocs/projects/logintracker3/index.php
    [REMOTE_PORT] => 56762
    [GATEWAY_INTERFACE] => CGI/1.1
    [SERVER_PROTOCOL] => HTTP/1.1
    [REQUEST_METHOD] => GET
    [QUERY_STRING] => {empty_string}
    [REQUEST_URI] => /projects/logintracker3/
    [SCRIPT_NAME] => /projects/logintracker3/index.php
    [PHP_SELF] => /projects/logintracker3/index.php
    [REQUEST_TIME] => 1290362930
    [argv] => Array
        (
        )
  
    [argc] => 0
)

$_POST: Array
(
)

$_GET: Array
(
)

$_FILES: Array
(
)

$_SESSION: {null}

$_COOKIE: Array
(
    [exp_last_visit] => 1273421110
    [exp_last_activity] => 1273439565
    [ys-modx-tree-menu] => a:s%3A/n_^s%3A/n_/n_site^s%3A/n_/n_components
    [ys-modx-tree-action] => a:s%3A/n_root_0^s%3A/n_root_0/n_namespace_core
    [ys-modx-package-browser-tree] => a:s%3A/modx-package-browser-tree-root^s%3A/modx-package-browser-tree-root/n_repository_11^s%3A/modx-package-browser-tree-root/n_repository_10
    [ys-modx-leftbar-state] => o:activeTab=n%3A1
    [ys-modx-resource-tree] => a:s%3A/root^s%3A/root/web_0^s%3A/root/web_0/web_9^s%3A/root/web_0/web_1^s%3A/root/web_0/web_2^s%3A/root/web_0/web_3^s%3A/root/web_0/web_4^s%3A/root/web_0/web_5^s%3A/root/web_0/web_6^s%3A/root/web_0/web_7^s%3A/root/web_0/web_8
    [ys-modx-file-tree] => s:/Files
    [ys-modx-element-tree] => a:s%3A/root^s%3A/root/n_category^s%3A/root/n_type_template
    [crbsb_date] => 2010-09-07
    [cal_year] => 2010
    [cal_month] => 10
    [PHPSESSID] => s2kann7fa1bjlsrdpqa44vbni6
)

